Using pre-set license
Built from '2022.3/staging' branch; Version is '2022.3.14f1 (eff2de9070d8) revision 15725278'; Using compiler version '192829333'; Build Type 'Release'
OS: 'Windows 11  (10.0.22631) 64bit Professional' Language: 'ko' Physical Memory: 16085 MB
BatchMode: 1, IsHumanControllingUs: 0, StartBugReporterOnCrash: 0, Is64bit: 1, IsPro: 1

COMMAND LINE ARGUMENTS:
C:\Program Files\Unity\Hub\Editor\2022.3.14f1\Editor\Unity.exe
-adb2
-batchMode
-noUpm
-name
AssetImportWorker1
-projectPath
C:/Users/Tag/Desktop/Paradise/Paradise
-logFile
Logs/AssetImportWorker1.log
-srvPort
58041
Successfully changed project path to: C:/Users/Tag/Desktop/Paradise/Paradise
C:/Users/Tag/Desktop/Paradise/Paradise
[UnityMemory] Configuration Parameters - Can be set up in boot.config
    "memorysetup-bucket-allocator-granularity=16"
    "memorysetup-bucket-allocator-bucket-count=8"
    "memorysetup-bucket-allocator-block-size=33554432"
    "memorysetup-bucket-allocator-block-count=8"
    "memorysetup-main-allocator-block-size=16777216"
    "memorysetup-thread-allocator-block-size=16777216"
    "memorysetup-gfx-main-allocator-block-size=16777216"
    "memorysetup-gfx-thread-allocator-block-size=16777216"
    "memorysetup-cache-allocator-block-size=4194304"
    "memorysetup-typetree-allocator-block-size=2097152"
    "memorysetup-profiler-bucket-allocator-granularity=16"
    "memorysetup-profiler-bucket-allocator-bucket-count=8"
    "memorysetup-profiler-bucket-allocator-block-size=33554432"
    "memorysetup-profiler-bucket-allocator-block-count=8"
    "memorysetup-profiler-allocator-block-size=16777216"
    "memorysetup-profiler-editor-allocator-block-size=1048576"
    "memorysetup-temp-allocator-size-main=16777216"
    "memorysetup-job-temp-allocator-block-size=2097152"
    "memorysetup-job-temp-allocator-block-size-background=1048576"
    "memorysetup-job-temp-allocator-reduction-small-platforms=262144"
    "memorysetup-allocator-temp-initial-block-size-main=262144"
    "memorysetup-allocator-temp-initial-block-size-worker=262144"
    "memorysetup-temp-allocator-size-background-worker=32768"
    "memorysetup-temp-allocator-size-job-worker=262144"
    "memorysetup-temp-allocator-size-preload-manager=33554432"
    "memorysetup-temp-allocator-size-nav-mesh-worker=65536"
    "memorysetup-temp-allocator-size-audio-worker=65536"
    "memorysetup-temp-allocator-size-cloud-worker=32768"
    "memorysetup-temp-allocator-size-gi-baking-worker=262144"
    "memorysetup-temp-allocator-size-gfx=262144"
Player connection [19636] Host "[IP] 172.30.1.29 [Port] 0 [Flags] 2 [Guid] 2697160585 [EditorId] 2697160585 [Version] 1048832 [Id] WindowsEditor(7,DESKTOP-NR3NGRD) [Debug] 1 [PackageName] WindowsEditor [ProjectName] Editor" joined multi-casting on [225.0.0.222:54997]...

Player connection [19636] Host "[IP] 172.30.1.29 [Port] 0 [Flags] 2 [Guid] 2697160585 [EditorId] 2697160585 [Version] 1048832 [Id] WindowsEditor(7,DESKTOP-NR3NGRD) [Debug] 1 [PackageName] WindowsEditor [ProjectName] Editor" joined alternative multi-casting on [225.0.0.222:34997]...

[Physics::Module] Initialized MultithreadedJobDispatcher with 11 workers.
Refreshing native plugins compatible for Editor in 41.17 ms, found 3 plugins.
Preloading 0 native plugins for Editor in 0.00 ms.
Initialize engine version: 2022.3.14f1 (eff2de9070d8)
[Subsystems] Discovering subsystems at path C:/Program Files/Unity/Hub/Editor/2022.3.14f1/Editor/Data/Resources/UnitySubsystems
[Subsystems] Discovering subsystems at path C:/Users/Tag/Desktop/Paradise/Paradise/Assets
GfxDevice: creating device client; threaded=0; jobified=0
Direct3D:
    Version:  Direct3D 11.0 [level 11.1]
    Renderer: NVIDIA GeForce RTX 2050 (ID=0x25ad)
    Vendor:   NVIDIA
    VRAM:     3964 MB
    Driver:   32.0.15.5599
Initialize mono
Mono path[0] = 'C:/Program Files/Unity/Hub/Editor/2022.3.14f1/Editor/Data/Managed'
Mono path[1] = 'C:/Program Files/Unity/Hub/Editor/2022.3.14f1/Editor/Data/MonoBleedingEdge/lib/mono/unityjit-win32'
Mono config path = 'C:/Program Files/Unity/Hub/Editor/2022.3.14f1/Editor/Data/MonoBleedingEdge/etc'
Using monoOptions --debugger-agent=transport=dt_socket,embedding=1,server=y,suspend=n,address=127.0.0.1:56640
Begin MonoManager ReloadAssembly
Registering precompiled unity dll's ...
Register platform support module: C:/Program Files/Unity/Hub/Editor/2022.3.14f1/Editor/Data/PlaybackEngines/WindowsStandaloneSupport/UnityEditor.WindowsStandalone.Extensions.dll
Registered in 0.027978 seconds.
- Loaded All Assemblies, in  0.880 seconds
Native extension for WindowsStandalone target not found
Mono: successfully reloaded assembly
- Finished resetting the current domain, in  0.590 seconds
Domain Reload Profiling: 1465ms
	BeginReloadAssembly (317ms)
		ExecutionOrderSort (0ms)
		DisableScriptedObjects (0ms)
		BackupInstance (0ms)
		ReleaseScriptingObjects (0ms)
		CreateAndSetChildDomain (1ms)
	RebuildCommonClasses (78ms)
	RebuildNativeTypeToScriptingClass (23ms)
	initialDomainReloadingComplete (155ms)
	LoadAllAssembliesAndSetupDomain (301ms)
		LoadAssemblies (314ms)
		RebuildTransferFunctionScriptingTraits (0ms)
		AnalyzeDomain (297ms)
			TypeCache.Refresh (294ms)
				TypeCache.ScanAssembly (267ms)
			ScanForSourceGeneratedMonoScriptInfo (1ms)
			ResolveRequiredComponents (1ms)
	FinalizeReload (591ms)
		ReleaseScriptCaches (0ms)
		RebuildScriptCaches (0ms)
		SetupLoadedEditorAssemblies (453ms)
			LogAssemblyErrors (0ms)
			InitializePlatformSupportModulesInManaged (17ms)
			SetLoadedEditorAssemblies (19ms)
			RefreshPlugins (0ms)
			BeforeProcessingInitializeOnLoad (4ms)
			ProcessInitializeOnLoadAttributes (290ms)
			ProcessInitializeOnLoadMethodAttributes (122ms)
			AfterProcessingInitializeOnLoad (0ms)
			EditorAssembliesLoaded (0ms)
		ExecutionOrderSort2 (0ms)
		AwakeInstancesAfterBackupRestoration (0ms)
========================================================================
Worker process is ready to serve import requests
Begin MonoManager ReloadAssembly
- Loaded All Assemblies, in  1.437 seconds
Refreshing native plugins compatible for Editor in 8.90 ms, found 3 plugins.
Native extension for WindowsStandalone target not found
Package Manager log level set to [2]
[Package Manager] Server::EnsureServerProcessIsRunning -- launch failed, reason: Unity was launched with the -noUpm command-line argument
[Package Manager] UpmClient::Send -- Unable to send message (not connected to UPM process).
[Package Manager] Cannot connect to Unity Package Manager local server
Mono: successfully reloaded assembly
- Finished resetting the current domain, in  1.369 seconds
Domain Reload Profiling: 2798ms
	BeginReloadAssembly (364ms)
		ExecutionOrderSort (0ms)
		DisableScriptedObjects (11ms)
		BackupInstance (0ms)
		ReleaseScriptingObjects (0ms)
		CreateAndSetChildDomain (41ms)
	RebuildCommonClasses (70ms)
	RebuildNativeTypeToScriptingClass (18ms)
	initialDomainReloadingComplete (78ms)
	LoadAllAssembliesAndSetupDomain (898ms)
		LoadAssemblies (780ms)
		RebuildTransferFunctionScriptingTraits (0ms)
		AnalyzeDomain (354ms)
			TypeCache.Refresh (297ms)
				TypeCache.ScanAssembly (265ms)
			ScanForSourceGeneratedMonoScriptInfo (33ms)
			ResolveRequiredComponents (20ms)
	FinalizeReload (1371ms)
		ReleaseScriptCaches (0ms)
		RebuildScriptCaches (0ms)
		SetupLoadedEditorAssemblies (958ms)
			LogAssemblyErrors (0ms)
			InitializePlatformSupportModulesInManaged (17ms)
			SetLoadedEditorAssemblies (9ms)
			RefreshPlugins (0ms)
			BeforeProcessingInitializeOnLoad (136ms)
			ProcessInitializeOnLoadAttributes (736ms)
			ProcessInitializeOnLoadMethodAttributes (47ms)
			AfterProcessingInitializeOnLoad (13ms)
			EditorAssembliesLoaded (0ms)
		ExecutionOrderSort2 (0ms)
		AwakeInstancesAfterBackupRestoration (17ms)
Launched and connected shader compiler UnityShaderCompiler.exe after 0.14 seconds
Refreshing native plugins compatible for Editor in 9.36 ms, found 3 plugins.
Preloading 0 native plugins for Editor in 0.00 ms.
Unloading 3162 Unused Serialized files (Serialized files now loaded: 0)
Unloading 32 unused Assets / (57.6 KB). Loaded Objects now: 3637.
Memory consumption went from 131.7 MB to 131.6 MB.
Total: 5.882200 ms (FindLiveObjects: 0.418300 ms CreateObjectMapping: 0.238000 ms MarkObjects: 5.028300 ms  DeleteObjects: 0.195200 ms)

AssetImportParameters requested are different than current active one (requested -> active):
  custom:container-demuxer-ogg: 62fdf1f143b41e24485cea50d1cbac27 -> 
  custom:video-codec-MediaFoundation-h265: 746d11721c4dcdbdad8f713fa42b33f4 -> 
  custom:video-decoder-ogg-theora: a1e56fd34408186e4bbccfd4996cb3dc -> 
  custom:scripting/monoscript/fileName/AlphabetButton.cs: e2caffb45c1eb3d22d3ea3958eecd6fa -> 5763fbda3057d5d9e2ce9f62cb850c77
  custom:framework-win-MediaFoundation: 216162199b28c13a410421893ffa2e32 -> 
  custom:CustomObjectIndexerAttribute: 756ad292c208cfabdd7b50bc23989ffe -> 
  custom:container-demuxer-webm: 4f35f7cbe854078d1ac9338744f61a02 -> 
  custom:container-muxer-webm: aa71ff27fc2769a1b78a27578f13a17b -> 
  custom:video-decoder-webm-vp8: 9c59270c3fd7afecdb556c50c9e8de78 -> 
  custom:scripting/monoscript/fileName/DoorPasswordUI.cs: 40910375789a5f508453d7e5c35e3f0e -> 659d0eabe66d50bcc3f2aa28b9a08d58
  custom:SearchIndexIgnoredProperties: e643bd26f0fe6173181afceb89e7c659 -> 
  custom:AudioImporter_EditorPlatform: d09bf68614088b80899f8185d706f6e7 -> 
  custom:video-encoder-webm-vp8: eb34c28f22e8b96e1ab97ce403110664 -> 
  custom:audio-decoder-ogg-vorbis: bf7c407c2cedff20999df2af8eb42d56 -> 
  custom:scripting/monoscript/fileName/DoorPassword.cs: 7c20014e3574d888d5cb7abfc651225c -> b0f3c5e3f57ebbbbec3ccea6fc0a5323
  custom:audio-encoder-webm-vorbis: bf7c407c2cedff20999df2af8eb42d56 -> 
========================================================================
Received Import Request.
  Time since last request: 30697.333937 seconds.
  path: Assets/Free Wood Door Pack/Materials/Door_1_Materials/Door_1_Milk.mat
  artifactKey: Guid(6b74074c1b399f5448486ffa52329ddf) Importer(815301076,1909f56bfc062723c751e8b465ee728b)
Start importing Assets/Free Wood Door Pack/Materials/Door_1_Materials/Door_1_Milk.mat using Guid(6b74074c1b399f5448486ffa52329ddf) Importer(815301076,1909f56bfc062723c751e8b465ee728b)  -> (artifact id: '5d5fdf8074cdb32338a3b1acf30fc436') in 0.418899 seconds
Number of updated asset objects reloaded before import = 0
Number of asset objects unloaded after import = 5
========================================================================
Received Import Request.
  Time since last request: 0.000126 seconds.
  path: Assets/Free Wood Door Pack/Materials/Door_1_Materials/Door_1_Coffe.mat
  artifactKey: Guid(1daed5b934f508147aad59daed1b0c10) Importer(815301076,1909f56bfc062723c751e8b465ee728b)
Start importing Assets/Free Wood Door Pack/Materials/Door_1_Materials/Door_1_Coffe.mat using Guid(1daed5b934f508147aad59daed1b0c10) Importer(815301076,1909f56bfc062723c751e8b465ee728b)  -> (artifact id: '4abf73271752a8d52a7380998d06d777') in 0.060448 seconds
Number of updated asset objects reloaded before import = 0
Number of asset objects unloaded after import = 5
========================================================================
Received Import Request.
  Time since last request: 601.083105 seconds.
  path: Assets/Free Wood Door Pack/Materials/Door_2_Materials/Door_2_Brown.mat
  artifactKey: Guid(e2ce3b2cb72c8154085967a0b2ff2f79) Importer(815301076,1909f56bfc062723c751e8b465ee728b)
Start importing Assets/Free Wood Door Pack/Materials/Door_2_Materials/Door_2_Brown.mat using Guid(e2ce3b2cb72c8154085967a0b2ff2f79) Importer(815301076,1909f56bfc062723c751e8b465ee728b)  -> (artifact id: '1adcd0b37b78d5d9dbb21247f912e377') in 0.079284 seconds
Number of updated asset objects reloaded before import = 0
Number of asset objects unloaded after import = 5
========================================================================
Received Import Request.
  Time since last request: 0.000040 seconds.
  path: Assets/Free Wood Door Pack/Materials/Door_2_Materials/Door_2_Yellow.mat
  artifactKey: Guid(155d02283bbeb844ea14f571528f1607) Importer(815301076,1909f56bfc062723c751e8b465ee728b)
Start importing Assets/Free Wood Door Pack/Materials/Door_2_Materials/Door_2_Yellow.mat using Guid(155d02283bbeb844ea14f571528f1607) Importer(815301076,1909f56bfc062723c751e8b465ee728b)  -> (artifact id: '94cc300ca441c6963be3d9d5653004d2') in 0.066089 seconds
Number of updated asset objects reloaded before import = 0
Number of asset objects unloaded after import = 5
========================================================================
Received Import Request.
  Time since last request: 0.000045 seconds.
  path: Assets/Free Wood Door Pack/Materials/Door_2_Materials/Door_2_White.mat
  artifactKey: Guid(557c05b3dce27ab45b3b50b5ade0a8b9) Importer(815301076,1909f56bfc062723c751e8b465ee728b)
Start importing Assets/Free Wood Door Pack/Materials/Door_2_Materials/Door_2_White.mat using Guid(557c05b3dce27ab45b3b50b5ade0a8b9) Importer(815301076,1909f56bfc062723c751e8b465ee728b)  -> (artifact id: 'ea7bea005cdf2e83ce232dd82f2d282f') in 0.084486 seconds
Number of updated asset objects reloaded before import = 0
Number of asset objects unloaded after import = 5
========================================================================
Received Import Request.
  Time since last request: 0.000066 seconds.
  path: Assets/Free Wood Door Pack/Materials/Door_2_Materials/Door_2_Milk.mat
  artifactKey: Guid(59d4e72e204e2a4439f43761a50fd1e6) Importer(815301076,1909f56bfc062723c751e8b465ee728b)
Start importing Assets/Free Wood Door Pack/Materials/Door_2_Materials/Door_2_Milk.mat using Guid(59d4e72e204e2a4439f43761a50fd1e6) Importer(815301076,1909f56bfc062723c751e8b465ee728b)  -> (artifact id: '66cdf690c63d810572bcb5e3d974e5cb') in 0.053931 seconds
Number of updated asset objects reloaded before import = 0
Number of asset objects unloaded after import = 5
========================================================================
Received Import Request.
  Time since last request: 73.756317 seconds.
  path: Assets/Free Wood Door Pack/Texture/BG.tga
  artifactKey: Guid(508bcef22790ff8459a5fa93b6432d0f) Importer(815301076,1909f56bfc062723c751e8b465ee728b)
Start importing Assets/Free Wood Door Pack/Texture/BG.tga using Guid(508bcef22790ff8459a5fa93b6432d0f) Importer(815301076,1909f56bfc062723c751e8b465ee728b)  -> (artifact id: 'cb3400710931a37d9039bc7d16b5bf6a') in 0.066398 seconds
Number of updated asset objects reloaded before import = 0
Number of asset objects unloaded after import = 2
========================================================================
Received Import Request.
  Time since last request: 1.402112 seconds.
  path: Assets/Free Wood Door Pack/Texture/Door_1
  artifactKey: Guid(72e59b74bf221504bbc428749d437de8) Importer(815301076,1909f56bfc062723c751e8b465ee728b)
Start importing Assets/Free Wood Door Pack/Texture/Door_1 using Guid(72e59b74bf221504bbc428749d437de8) Importer(815301076,1909f56bfc062723c751e8b465ee728b)  -> (artifact id: '5e8e72fbe8408eba5416409a63978c06') in 0.000993 seconds
Number of updated asset objects reloaded before import = 0
Number of asset objects unloaded after import = 0
========================================================================
Received Import Request.
  Time since last request: 0.043414 seconds.
  path: Assets/Free Wood Door Pack/Texture/Door_1/Door_1_Albedo.tga
  artifactKey: Guid(f822c2187a7a68e4ba9463850e328d0d) Importer(815301076,1909f56bfc062723c751e8b465ee728b)
Start importing Assets/Free Wood Door Pack/Texture/Door_1/Door_1_Albedo.tga using Guid(f822c2187a7a68e4ba9463850e328d0d) Importer(815301076,1909f56bfc062723c751e8b465ee728b)  -> (artifact id: '28636ea77ee3ed1b3e29bf314083b10f') in 0.047351 seconds
Number of updated asset objects reloaded before import = 0
Number of asset objects unloaded after import = 2
========================================================================
Received Import Request.
  Time since last request: 0.000195 seconds.
  path: Assets/Free Wood Door Pack/Texture/Door_1/Door_1_Spec.tga
  artifactKey: Guid(d4c212e8e8ebc324596480955a0edc93) Importer(815301076,1909f56bfc062723c751e8b465ee728b)
Start importing Assets/Free Wood Door Pack/Texture/Door_1/Door_1_Spec.tga using Guid(d4c212e8e8ebc324596480955a0edc93) Importer(815301076,1909f56bfc062723c751e8b465ee728b)  -> (artifact id: 'd92f98d8823ef783d85aae7f7993f6f1') in 0.045714 seconds
Number of updated asset objects reloaded before import = 0
Number of asset objects unloaded after import = 2
========================================================================
Received Import Request.
  Time since last request: 0.000036 seconds.
  path: Assets/Free Wood Door Pack/Texture/Door_1/Door_1_Normal.tga
  artifactKey: Guid(26be57ecef44e1541b727dd623149c1c) Importer(815301076,1909f56bfc062723c751e8b465ee728b)
Start importing Assets/Free Wood Door Pack/Texture/Door_1/Door_1_Normal.tga using Guid(26be57ecef44e1541b727dd623149c1c) Importer(815301076,1909f56bfc062723c751e8b465ee728b)  -> (artifact id: 'c7bb5196e54c3c67488c85ff531f88ec') in 0.053167 seconds
Number of updated asset objects reloaded before import = 0
Number of asset objects unloaded after import = 2
========================================================================
Received Import Request.
  Time since last request: 6.959848 seconds.
  path: Assets/Free Wood Door Pack/Texture/Door_1/Materials
  artifactKey: Guid(c2bf6699479af434bbd3682f326f5b5c) Importer(815301076,1909f56bfc062723c751e8b465ee728b)
Start importing Assets/Free Wood Door Pack/Texture/Door_1/Materials using Guid(c2bf6699479af434bbd3682f326f5b5c) Importer(815301076,1909f56bfc062723c751e8b465ee728b)  -> (artifact id: '704b8cafeeece51c972c72f98697c63c') in 0.000949 seconds
Number of updated asset objects reloaded before import = 0
Number of asset objects unloaded after import = 0
========================================================================
Received Import Request.
  Time since last request: 0.067843 seconds.
  path: Assets/Free Wood Door Pack/Texture/Door_1/Materials/Door_1_AO.mat
  artifactKey: Guid(f69bf02cbfd4f3148a4a5a7efa1e7529) Importer(815301076,1909f56bfc062723c751e8b465ee728b)
Start importing Assets/Free Wood Door Pack/Texture/Door_1/Materials/Door_1_AO.mat using Guid(f69bf02cbfd4f3148a4a5a7efa1e7529) Importer(815301076,1909f56bfc062723c751e8b465ee728b)  -> (artifact id: '4f8c80a692af482a1466ae22aff3bb18') in 0.035769 seconds
Number of updated asset objects reloaded before import = 0
Number of asset objects unloaded after import = 2
========================================================================
Received Import Request.
  Time since last request: 84.526109 seconds.
  path: Assets/Free Wood Door Pack/Texture/Door_2/Door_2_Albedo.tga
  artifactKey: Guid(0d73464f8730f0b44a5ce4d42014e451) Importer(815301076,1909f56bfc062723c751e8b465ee728b)
Start importing Assets/Free Wood Door Pack/Texture/Door_2/Door_2_Albedo.tga using Guid(0d73464f8730f0b44a5ce4d42014e451) Importer(815301076,1909f56bfc062723c751e8b465ee728b)  -> (artifact id: '0fb95e807035299fe05a312547c71454') in 0.060313 seconds
Number of updated asset objects reloaded before import = 0
Number of asset objects unloaded after import = 2
========================================================================
Received Import Request.
  Time since last request: 0.000039 seconds.
  path: Assets/Free Wood Door Pack/Texture/Door_2/Door_2_Spec.tga
  artifactKey: Guid(96762064c68aa32418a54ce133a843e3) Importer(815301076,1909f56bfc062723c751e8b465ee728b)
Start importing Assets/Free Wood Door Pack/Texture/Door_2/Door_2_Spec.tga using Guid(96762064c68aa32418a54ce133a843e3) Importer(815301076,1909f56bfc062723c751e8b465ee728b)  -> (artifact id: 'e5556516095cff91eb0289311d2eb5b8') in 0.033306 seconds
Number of updated asset objects reloaded before import = 0
Number of asset objects unloaded after import = 2
========================================================================
Received Import Request.
  Time since last request: 72.944456 seconds.
  path: Assets/Free Wood Door Pack/Texture/Door_3/Door_3_Albedo.tga
  artifactKey: Guid(c246fff15467ae046b4f2f06695182a6) Importer(815301076,1909f56bfc062723c751e8b465ee728b)
Start importing Assets/Free Wood Door Pack/Texture/Door_3/Door_3_Albedo.tga using Guid(c246fff15467ae046b4f2f06695182a6) Importer(815301076,1909f56bfc062723c751e8b465ee728b)  -> (artifact id: '8a147135965c7012fb9f0c34a3d6ad4f') in 0.049627 seconds
Number of updated asset objects reloaded before import = 0
Number of asset objects unloaded after import = 2
========================================================================
Received Import Request.
  Time since last request: 0.000028 seconds.
  path: Assets/Free Wood Door Pack/Texture/Door_3/Door_3_Normal.tga
  artifactKey: Guid(7a7e9bd7ae46883409010795e700d1c4) Importer(815301076,1909f56bfc062723c751e8b465ee728b)
Start importing Assets/Free Wood Door Pack/Texture/Door_3/Door_3_Normal.tga using Guid(7a7e9bd7ae46883409010795e700d1c4) Importer(815301076,1909f56bfc062723c751e8b465ee728b)  -> (artifact id: 'af4f67f5a7fcd7fccedbc5769e395439') in 0.055013 seconds
Number of updated asset objects reloaded before import = 0
Number of asset objects unloaded after import = 2
========================================================================
Received Import Request.
  Time since last request: 0.956944 seconds.
  path: Assets/Free Wood Door Pack/Texture/Door_4/Door_4_Albedo.tga
  artifactKey: Guid(179e96b79c7699246b220620f5501536) Importer(815301076,1909f56bfc062723c751e8b465ee728b)
Start importing Assets/Free Wood Door Pack/Texture/Door_4/Door_4_Albedo.tga using Guid(179e96b79c7699246b220620f5501536) Importer(815301076,1909f56bfc062723c751e8b465ee728b)  -> (artifact id: 'd1ad710f8d015939ba11b55c21cba421') in 0.051639 seconds
Number of updated asset objects reloaded before import = 0
Number of asset objects unloaded after import = 2
========================================================================
Received Import Request.
  Time since last request: 0.000041 seconds.
  path: Assets/Free Wood Door Pack/Texture/Door_4/Door_4_Spec.tga
  artifactKey: Guid(63e17ffbb4808c24c80b589730401458) Importer(815301076,1909f56bfc062723c751e8b465ee728b)
Start importing Assets/Free Wood Door Pack/Texture/Door_4/Door_4_Spec.tga using Guid(63e17ffbb4808c24c80b589730401458) Importer(815301076,1909f56bfc062723c751e8b465ee728b)  -> (artifact id: '2cb104534aa50734f10c14f56003a4b7') in 0.038122 seconds
Number of updated asset objects reloaded before import = 0
Number of asset objects unloaded after import = 2
========================================================================
Received Import Request.
  Time since last request: 0.294369 seconds.
  path: Assets/Free Wood Door Pack/Texture/Door_5/Door_5_Albedo.tga
  artifactKey: Guid(4e2a4880833a1e84eadaeb3fa562913a) Importer(815301076,1909f56bfc062723c751e8b465ee728b)
Start importing Assets/Free Wood Door Pack/Texture/Door_5/Door_5_Albedo.tga using Guid(4e2a4880833a1e84eadaeb3fa562913a) Importer(815301076,1909f56bfc062723c751e8b465ee728b)  -> (artifact id: '58742767d670541e2506ad10917eed80') in 0.041033 seconds
Number of updated asset objects reloaded before import = 0
Number of asset objects unloaded after import = 2
========================================================================
Received Import Request.
  Time since last request: 0.000049 seconds.
  path: Assets/Free Wood Door Pack/Texture/Door_5/Door_5_Spec.tga
  artifactKey: Guid(4a3bff1f4e74166439542c2c0ad6889b) Importer(815301076,1909f56bfc062723c751e8b465ee728b)
Start importing Assets/Free Wood Door Pack/Texture/Door_5/Door_5_Spec.tga using Guid(4a3bff1f4e74166439542c2c0ad6889b) Importer(815301076,1909f56bfc062723c751e8b465ee728b)  -> (artifact id: '3d77363a43e0d14d4975e6279bbc080c') in 0.028938 seconds
Number of updated asset objects reloaded before import = 0
Number of asset objects unloaded after import = 2
========================================================================
Received Import Request.
  Time since last request: 0.357942 seconds.
  path: Assets/Free Wood Door Pack/Texture/Door_6/Door_6_Albedo.tga
  artifactKey: Guid(329841da9015d0348bb6d3e64622efd1) Importer(815301076,1909f56bfc062723c751e8b465ee728b)
Start importing Assets/Free Wood Door Pack/Texture/Door_6/Door_6_Albedo.tga using Guid(329841da9015d0348bb6d3e64622efd1) Importer(815301076,1909f56bfc062723c751e8b465ee728b)  -> (artifact id: 'fd6beab11a8d5e835abcf40a7d81481f') in 0.045628 seconds
Number of updated asset objects reloaded before import = 0
Number of asset objects unloaded after import = 2
========================================================================
Received Import Request.
  Time since last request: 0.000178 seconds.
  path: Assets/Free Wood Door Pack/Texture/Door_6/Door_6_Spec.tga
  artifactKey: Guid(1a36545627bb79142b69099d8a7bec7c) Importer(815301076,1909f56bfc062723c751e8b465ee728b)
Start importing Assets/Free Wood Door Pack/Texture/Door_6/Door_6_Spec.tga using Guid(1a36545627bb79142b69099d8a7bec7c) Importer(815301076,1909f56bfc062723c751e8b465ee728b)  -> (artifact id: '577114900d23a4ac9f253f2881e7bde1') in 0.027733 seconds
Number of updated asset objects reloaded before import = 0
Number of asset objects unloaded after import = 2
========================================================================
Received Import Request.
  Time since last request: 77.804565 seconds.
  path: Assets/Free Wood Door Pack/Materials/Door_12_Materials/Door_12_Black.mat
  artifactKey: Guid(0cc76973fcc82d04a9338b4fa9641a58) Importer(815301076,1909f56bfc062723c751e8b465ee728b)
Start importing Assets/Free Wood Door Pack/Materials/Door_12_Materials/Door_12_Black.mat using Guid(0cc76973fcc82d04a9338b4fa9641a58) Importer(815301076,1909f56bfc062723c751e8b465ee728b)  -> (artifact id: 'dd6ff7d571d2fd0dccfb9c9ee6c11636') in 0.072222 seconds
Number of updated asset objects reloaded before import = 0
Number of asset objects unloaded after import = 5
========================================================================
Received Import Request.
  Time since last request: 0.000038 seconds.
  path: Assets/Free Wood Door Pack/Materials/Door_12_Materials/Door_12_White.mat
  artifactKey: Guid(6efbe782c14701c4a8da5b5a514aa28b) Importer(815301076,1909f56bfc062723c751e8b465ee728b)
Start importing Assets/Free Wood Door Pack/Materials/Door_12_Materials/Door_12_White.mat using Guid(6efbe782c14701c4a8da5b5a514aa28b) Importer(815301076,1909f56bfc062723c751e8b465ee728b)  -> (artifact id: 'f2bf7ae82de8d6a0f806bdfb117b6a01') in 0.070322 seconds
Number of updated asset objects reloaded before import = 0
Number of asset objects unloaded after import = 5
========================================================================
Received Import Request.
  Time since last request: 0.000046 seconds.
  path: Assets/Free Wood Door Pack/Materials/Door_12_Materials/Door_12_Milk.mat
  artifactKey: Guid(f1b3d0365be2cce449403f867f1b07e6) Importer(815301076,1909f56bfc062723c751e8b465ee728b)
Start importing Assets/Free Wood Door Pack/Materials/Door_12_Materials/Door_12_Milk.mat using Guid(f1b3d0365be2cce449403f867f1b07e6) Importer(815301076,1909f56bfc062723c751e8b465ee728b)  -> (artifact id: '510aa8696345df223d2b96a2243d870e') in 0.063972 seconds
Number of updated asset objects reloaded before import = 0
Number of asset objects unloaded after import = 5
========================================================================
Received Import Request.
  Time since last request: 0.000049 seconds.
  path: Assets/Free Wood Door Pack/Materials/Door_12_Materials/Door_12_Yellow.mat
  artifactKey: Guid(a245d2f9a8bb47446903129ea9f85591) Importer(815301076,1909f56bfc062723c751e8b465ee728b)
Start importing Assets/Free Wood Door Pack/Materials/Door_12_Materials/Door_12_Yellow.mat using Guid(a245d2f9a8bb47446903129ea9f85591) Importer(815301076,1909f56bfc062723c751e8b465ee728b)  -> (artifact id: '027ef8508cb1a04eb45730db7943f081') in 0.059707 seconds
Number of updated asset objects reloaded before import = 0
Number of asset objects unloaded after import = 5
========================================================================
Received Import Request.
  Time since last request: 0.000053 seconds.
  path: Assets/Free Wood Door Pack/Materials/Door_12_Materials/Door_12_Coffe.mat
  artifactKey: Guid(2c05b788c70c36b4a9902118be5ee2d4) Importer(815301076,1909f56bfc062723c751e8b465ee728b)
Start importing Assets/Free Wood Door Pack/Materials/Door_12_Materials/Door_12_Coffe.mat using Guid(2c05b788c70c36b4a9902118be5ee2d4) Importer(815301076,1909f56bfc062723c751e8b465ee728b)  -> (artifact id: 'db5479c0e7015f47d3f90d7b39e7395e') in 0.055363 seconds
Number of updated asset objects reloaded before import = 0
Number of asset objects unloaded after import = 5
========================================================================
Received Import Request.
  Time since last request: 1.337068 seconds.
  path: Assets/Free Wood Door Pack/Materials/Door_3_Materials/Door_3_Black.mat
  artifactKey: Guid(52a3747c6aad15c4d9fad3fa695a530a) Importer(815301076,1909f56bfc062723c751e8b465ee728b)
Start importing Assets/Free Wood Door Pack/Materials/Door_3_Materials/Door_3_Black.mat using Guid(52a3747c6aad15c4d9fad3fa695a530a) Importer(815301076,1909f56bfc062723c751e8b465ee728b)  -> (artifact id: '2e24fd9e4f31a20adb96197f437538de') in 0.050040 seconds
Number of updated asset objects reloaded before import = 0
Number of asset objects unloaded after import = 5
========================================================================
Received Import Request.
  Time since last request: 0.000030 seconds.
  path: Assets/Free Wood Door Pack/Materials/Door_3_Materials/Door_3_White.mat
  artifactKey: Guid(358e29e3a5572714ba63103b052c56c6) Importer(815301076,1909f56bfc062723c751e8b465ee728b)
Start importing Assets/Free Wood Door Pack/Materials/Door_3_Materials/Door_3_White.mat using Guid(358e29e3a5572714ba63103b052c56c6) Importer(815301076,1909f56bfc062723c751e8b465ee728b)  -> (artifact id: 'e6410aab5fee5d1d198da1d88da97d79') in 0.054176 seconds
Number of updated asset objects reloaded before import = 0
Number of asset objects unloaded after import = 5
========================================================================
Received Import Request.
  Time since last request: 0.000031 seconds.
  path: Assets/Free Wood Door Pack/Materials/Door_3_Materials/Door_3_Coffe.mat
  artifactKey: Guid(38bc89a84da046e4eb4d43070fa2ba7c) Importer(815301076,1909f56bfc062723c751e8b465ee728b)
Start importing Assets/Free Wood Door Pack/Materials/Door_3_Materials/Door_3_Coffe.mat using Guid(38bc89a84da046e4eb4d43070fa2ba7c) Importer(815301076,1909f56bfc062723c751e8b465ee728b)  -> (artifact id: '0d704f2da7f27b3c15b4f458e8af8e64') in 0.053948 seconds
Number of updated asset objects reloaded before import = 0
Number of asset objects unloaded after import = 5
========================================================================
Received Import Request.
  Time since last request: 1.608103 seconds.
  path: Assets/Free Wood Door Pack/Materials/Door_5_Materials/Door_5_Black.mat
  artifactKey: Guid(76da54b09df7abe4e87b81e6878baeb2) Importer(815301076,1909f56bfc062723c751e8b465ee728b)
Start importing Assets/Free Wood Door Pack/Materials/Door_5_Materials/Door_5_Black.mat using Guid(76da54b09df7abe4e87b81e6878baeb2) Importer(815301076,1909f56bfc062723c751e8b465ee728b)  -> (artifact id: '39db9d2a23d3d75946abb5b36a0362e2') in 0.051565 seconds
Number of updated asset objects reloaded before import = 0
Number of asset objects unloaded after import = 5
========================================================================
Received Import Request.
  Time since last request: 0.000025 seconds.
  path: Assets/Free Wood Door Pack/Materials/Door_5_Materials/Door_5_Yellow.mat
  artifactKey: Guid(7355bbc9a24101847be72674611638da) Importer(815301076,1909f56bfc062723c751e8b465ee728b)
Start importing Assets/Free Wood Door Pack/Materials/Door_5_Materials/Door_5_Yellow.mat using Guid(7355bbc9a24101847be72674611638da) Importer(815301076,1909f56bfc062723c751e8b465ee728b)  -> (artifact id: '75da63ca63e93d57d9252317512be427') in 0.050136 seconds
Number of updated asset objects reloaded before import = 0
Number of asset objects unloaded after import = 5
========================================================================
Received Import Request.
  Time since last request: 0.000031 seconds.
  path: Assets/Free Wood Door Pack/Materials/Door_5_Materials/Door_5_Milk.mat
  artifactKey: Guid(a29e6bc22e0d9414e908b61b64ca151c) Importer(815301076,1909f56bfc062723c751e8b465ee728b)
Start importing Assets/Free Wood Door Pack/Materials/Door_5_Materials/Door_5_Milk.mat using Guid(a29e6bc22e0d9414e908b61b64ca151c) Importer(815301076,1909f56bfc062723c751e8b465ee728b)  -> (artifact id: '799dde601f114093202799632ca3d711') in 0.050821 seconds
Number of updated asset objects reloaded before import = 0
Number of asset objects unloaded after import = 5
========================================================================
Received Import Request.
  Time since last request: 0.000035 seconds.
  path: Assets/Free Wood Door Pack/Materials/Door_5_Materials/Door_5_Venge.mat
  artifactKey: Guid(b50d08c6387dc1d4d870d42c48549fc2) Importer(815301076,1909f56bfc062723c751e8b465ee728b)
Start importing Assets/Free Wood Door Pack/Materials/Door_5_Materials/Door_5_Venge.mat using Guid(b50d08c6387dc1d4d870d42c48549fc2) Importer(815301076,1909f56bfc062723c751e8b465ee728b)  -> (artifact id: 'fbb8f3efae886ede858f070e1b7897e5') in 0.041668 seconds
Number of updated asset objects reloaded before import = 0
Number of asset objects unloaded after import = 5
========================================================================
Received Import Request.
  Time since last request: 0.063636 seconds.
  path: Assets/Free Wood Door Pack/Materials/Door_7_Materials/Door_7_Black.mat
  artifactKey: Guid(d24622ffb39074b42b4e5fd794e02d27) Importer(815301076,1909f56bfc062723c751e8b465ee728b)
Start importing Assets/Free Wood Door Pack/Materials/Door_7_Materials/Door_7_Black.mat using Guid(d24622ffb39074b42b4e5fd794e02d27) Importer(815301076,1909f56bfc062723c751e8b465ee728b)  -> (artifact id: '2faf9f0a3b80b4bce21b2e9000fd26bd') in 0.055623 seconds
Number of updated asset objects reloaded before import = 0
Number of asset objects unloaded after import = 5
========================================================================
Received Import Request.
  Time since last request: 0.000058 seconds.
  path: Assets/Free Wood Door Pack/Materials/Door_7_Materials/Door_7_Yellow.mat
  artifactKey: Guid(7958caaaff0c4eb499f600cae6c8459b) Importer(815301076,1909f56bfc062723c751e8b465ee728b)
Start importing Assets/Free Wood Door Pack/Materials/Door_7_Materials/Door_7_Yellow.mat using Guid(7958caaaff0c4eb499f600cae6c8459b) Importer(815301076,1909f56bfc062723c751e8b465ee728b)  -> (artifact id: 'a2c548362e1a2f35c25e0dede56b98be') in 0.046654 seconds
Number of updated asset objects reloaded before import = 0
Number of asset objects unloaded after import = 5
========================================================================
Received Import Request.
  Time since last request: 0.000024 seconds.
  path: Assets/Free Wood Door Pack/Materials/Door_7_Materials/Door_7_Venge.mat
  artifactKey: Guid(4c5c8e9d4fa1176469c1f345c5d93b85) Importer(815301076,1909f56bfc062723c751e8b465ee728b)
Start importing Assets/Free Wood Door Pack/Materials/Door_7_Materials/Door_7_Venge.mat using Guid(4c5c8e9d4fa1176469c1f345c5d93b85) Importer(815301076,1909f56bfc062723c751e8b465ee728b)  -> (artifact id: '7b6e18e4898b282c9631135ca4bea589') in 0.044452 seconds
Number of updated asset objects reloaded before import = 0
Number of asset objects unloaded after import = 5
========================================================================
Received Import Request.
  Time since last request: 1.135269 seconds.
  path: Assets/Free Wood Door Pack/Materials/SkyboxProcedural.mat
  artifactKey: Guid(dce25ada87405a64c943cc71f7db0f05) Importer(815301076,1909f56bfc062723c751e8b465ee728b)
Start importing Assets/Free Wood Door Pack/Materials/SkyboxProcedural.mat using Guid(dce25ada87405a64c943cc71f7db0f05) Importer(815301076,1909f56bfc062723c751e8b465ee728b)  -> (artifact id: '23e725c474a1cf5beb3185c5b412e345') in 0.037480 seconds
Number of updated asset objects reloaded before import = 0
Number of asset objects unloaded after import = 1
========================================================================
Received Import Request.
  Time since last request: 1608.936651 seconds.
  path: Assets/Free Wood Door Pack/Texture/Door_Knob/Knob_Normal.tga
  artifactKey: Guid(0931beb60c162d54690836322d97454c) Importer(815301076,1909f56bfc062723c751e8b465ee728b)
Start importing Assets/Free Wood Door Pack/Texture/Door_Knob/Knob_Normal.tga using Guid(0931beb60c162d54690836322d97454c) Importer(815301076,1909f56bfc062723c751e8b465ee728b)  -> (artifact id: '311e9a6c759a825c28dccd2b02c8d2c1') in 0.060171 seconds
Number of updated asset objects reloaded before import = 0
Number of asset objects unloaded after import = 2
========================================================================
Received Import Request.
  Time since last request: 0.000041 seconds.
  path: Assets/Free Wood Door Pack/Texture/Door_Knob/Knob_Spec.tga
  artifactKey: Guid(6d773ea4bb8d124418c97a81becde60d) Importer(815301076,1909f56bfc062723c751e8b465ee728b)
Start importing Assets/Free Wood Door Pack/Texture/Door_Knob/Knob_Spec.tga using Guid(6d773ea4bb8d124418c97a81becde60d) Importer(815301076,1909f56bfc062723c751e8b465ee728b)  -> (artifact id: '765c0c0b223983defd207b5dcae9891c') in 0.036157 seconds
Number of updated asset objects reloaded before import = 0
Number of asset objects unloaded after import = 2
========================================================================
Received Import Request.
  Time since last request: 85.278543 seconds.
  path: Assets/Free Wood Door Pack/Texture/Door_4/Materials/Door_4_AO.mat
  artifactKey: Guid(e467a9f5b4f9ce248b56232918d0a08e) Importer(815301076,1909f56bfc062723c751e8b465ee728b)
Start importing Assets/Free Wood Door Pack/Texture/Door_4/Materials/Door_4_AO.mat using Guid(e467a9f5b4f9ce248b56232918d0a08e) Importer(815301076,1909f56bfc062723c751e8b465ee728b)  -> (artifact id: '471bf4635383882246495e22cbb09a06') in 0.039051 seconds
Number of updated asset objects reloaded before import = 0
Number of asset objects unloaded after import = 2
