Using pre-set license
Built from '2022.3/staging' branch; Version is '2022.3.14f1 (eff2de9070d8) revision 15725278'; Using compiler version '192829333'; Build Type 'Release'
OS: 'Windows 11  (10.0.22631) 64bit Core' Language: 'ko' Physical Memory: 8025 MB
BatchMode: 1, IsHumanControllingUs: 0, StartBugReporterOnCrash: 0, Is64bit: 1, IsPro: 1

COMMAND LINE ARGUMENTS:
C:\Program Files\Unity\Hub\Editor\2022.3.14f1\Editor\Unity.exe
-adb2
-batchMode
-noUpm
-name
AssetImportWorker0
-projectPath
C:/Users/shjh0/OneDrive/바탕 화면/Testparadise/Paradise
-logFile
Logs/AssetImportWorker0.log
-srvPort
53082
Successfully changed project path to: C:/Users/shjh0/OneDrive/바탕 화면/Testparadise/Paradise
C:/Users/shjh0/OneDrive/바탕 화면/Testparadise/Paradise
[UnityMemory] Configuration Parameters - Can be set up in boot.config
    "memorysetup-bucket-allocator-granularity=16"
    "memorysetup-bucket-allocator-bucket-count=8"
    "memorysetup-bucket-allocator-block-size=33554432"
    "memorysetup-bucket-allocator-block-count=8"
    "memorysetup-main-allocator-block-size=16777216"
    "memorysetup-thread-allocator-block-size=16777216"
    "memorysetup-gfx-main-allocator-block-size=16777216"
    "memorysetup-gfx-thread-allocator-block-size=16777216"
    "memorysetup-cache-allocator-block-size=4194304"
    "memorysetup-typetree-allocator-block-size=2097152"
    "memorysetup-profiler-bucket-allocator-granularity=16"
    "memorysetup-profiler-bucket-allocator-bucket-count=8"
    "memorysetup-profiler-bucket-allocator-block-size=33554432"
    "memorysetup-profiler-bucket-allocator-block-count=8"
    "memorysetup-profiler-allocator-block-size=16777216"
    "memorysetup-profiler-editor-allocator-block-size=1048576"
    "memorysetup-temp-allocator-size-main=16777216"
    "memorysetup-job-temp-allocator-block-size=2097152"
    "memorysetup-job-temp-allocator-block-size-background=1048576"
    "memorysetup-job-temp-allocator-reduction-small-platforms=262144"
    "memorysetup-allocator-temp-initial-block-size-main=262144"
    "memorysetup-allocator-temp-initial-block-size-worker=262144"
    "memorysetup-temp-allocator-size-background-worker=32768"
    "memorysetup-temp-allocator-size-job-worker=262144"
    "memorysetup-temp-allocator-size-preload-manager=33554432"
    "memorysetup-temp-allocator-size-nav-mesh-worker=65536"
    "memorysetup-temp-allocator-size-audio-worker=65536"
    "memorysetup-temp-allocator-size-cloud-worker=32768"
    "memorysetup-temp-allocator-size-gi-baking-worker=262144"
    "memorysetup-temp-allocator-size-gfx=262144"
Player connection [20116] Host "[IP] 172.30.1.26 [Port] 0 [Flags] 2 [Guid] 626799360 [EditorId] 626799360 [Version] 1048832 [Id] WindowsEditor(7,LJY-7635) [Debug] 1 [PackageName] WindowsEditor [ProjectName] Editor" joined multi-casting on [225.0.0.222:54997]...

Player connection [20116] Host "[IP] 172.30.1.26 [Port] 0 [Flags] 2 [Guid] 626799360 [EditorId] 626799360 [Version] 1048832 [Id] WindowsEditor(7,LJY-7635) [Debug] 1 [PackageName] WindowsEditor [ProjectName] Editor" joined alternative multi-casting on [225.0.0.222:34997]...

[Physics::Module] Initialized MultithreadedJobDispatcher with 7 workers.
Refreshing native plugins compatible for Editor in 35.60 ms, found 3 plugins.
Preloading 0 native plugins for Editor in 0.00 ms.
Initialize engine version: 2022.3.14f1 (eff2de9070d8)
[Subsystems] Discovering subsystems at path C:/Program Files/Unity/Hub/Editor/2022.3.14f1/Editor/Data/Resources/UnitySubsystems
[Subsystems] Discovering subsystems at path C:/Users/shjh0/OneDrive/바탕 화면/Testparadise/Paradise/Assets
GfxDevice: creating device client; threaded=0; jobified=0
Direct3D:
    Version:  Direct3D 11.0 [level 11.1]
    Renderer: Intel(R) UHD Graphics 620 (ID=0x5917)
    Vendor:   Intel
    VRAM:     4012 MB
    Driver:   31.0.101.2111
Initialize mono
Mono path[0] = 'C:/Program Files/Unity/Hub/Editor/2022.3.14f1/Editor/Data/Managed'
Mono path[1] = 'C:/Program Files/Unity/Hub/Editor/2022.3.14f1/Editor/Data/MonoBleedingEdge/lib/mono/unityjit-win32'
Mono config path = 'C:/Program Files/Unity/Hub/Editor/2022.3.14f1/Editor/Data/MonoBleedingEdge/etc'
Using monoOptions --debugger-agent=transport=dt_socket,embedding=1,server=y,suspend=n,address=127.0.0.1:56520
Begin MonoManager ReloadAssembly
Registering precompiled unity dll's ...
Register platform support module: C:/Program Files/Unity/Hub/Editor/2022.3.14f1/Editor/Data/PlaybackEngines/WindowsStandaloneSupport/UnityEditor.WindowsStandalone.Extensions.dll
Registered in 0.023796 seconds.
- Loaded All Assemblies, in  1.092 seconds
Native extension for WindowsStandalone target not found
Mono: successfully reloaded assembly
- Finished resetting the current domain, in  0.799 seconds
Domain Reload Profiling: 1888ms
	BeginReloadAssembly (393ms)
		ExecutionOrderSort (0ms)
		DisableScriptedObjects (0ms)
		BackupInstance (0ms)
		ReleaseScriptingObjects (0ms)
		CreateAndSetChildDomain (3ms)
	RebuildCommonClasses (86ms)
	RebuildNativeTypeToScriptingClass (27ms)
	initialDomainReloadingComplete (179ms)
	LoadAllAssembliesAndSetupDomain (402ms)
		LoadAssemblies (384ms)
		RebuildTransferFunctionScriptingTraits (0ms)
		AnalyzeDomain (396ms)
			TypeCache.Refresh (392ms)
				TypeCache.ScanAssembly (350ms)
			ScanForSourceGeneratedMonoScriptInfo (1ms)
			ResolveRequiredComponents (1ms)
	FinalizeReload (800ms)
		ReleaseScriptCaches (0ms)
		RebuildScriptCaches (0ms)
		SetupLoadedEditorAssemblies (621ms)
			LogAssemblyErrors (0ms)
			InitializePlatformSupportModulesInManaged (21ms)
			SetLoadedEditorAssemblies (18ms)
			RefreshPlugins (0ms)
			BeforeProcessingInitializeOnLoad (6ms)
			ProcessInitializeOnLoadAttributes (409ms)
			ProcessInitializeOnLoadMethodAttributes (167ms)
			AfterProcessingInitializeOnLoad (0ms)
			EditorAssembliesLoaded (0ms)
		ExecutionOrderSort2 (0ms)
		AwakeInstancesAfterBackupRestoration (0ms)
========================================================================
Worker process is ready to serve import requests
Begin MonoManager ReloadAssembly
- Loaded All Assemblies, in  2.013 seconds
Refreshing native plugins compatible for Editor in 13.06 ms, found 3 plugins.
Native extension for WindowsStandalone target not found
Package Manager log level set to [2]
[Package Manager] Server::EnsureServerProcessIsRunning -- launch failed, reason: Unity was launched with the -noUpm command-line argument
[Package Manager] UpmClient::Send -- Unable to send message (not connected to UPM process).
[Package Manager] Cannot connect to Unity Package Manager local server
Mono: successfully reloaded assembly
- Finished resetting the current domain, in  1.853 seconds
Domain Reload Profiling: 3858ms
	BeginReloadAssembly (507ms)
		ExecutionOrderSort (0ms)
		DisableScriptedObjects (17ms)
		BackupInstance (0ms)
		ReleaseScriptingObjects (0ms)
		CreateAndSetChildDomain (59ms)
	RebuildCommonClasses (121ms)
	RebuildNativeTypeToScriptingClass (28ms)
	initialDomainReloadingComplete (131ms)
	LoadAllAssembliesAndSetupDomain (1216ms)
		LoadAssemblies (946ms)
		RebuildTransferFunctionScriptingTraits (0ms)
		AnalyzeDomain (583ms)
			TypeCache.Refresh (520ms)
				TypeCache.ScanAssembly (475ms)
			ScanForSourceGeneratedMonoScriptInfo (45ms)
			ResolveRequiredComponents (14ms)
	FinalizeReload (1854ms)
		ReleaseScriptCaches (0ms)
		RebuildScriptCaches (0ms)
		SetupLoadedEditorAssemblies (1319ms)
			LogAssemblyErrors (0ms)
			InitializePlatformSupportModulesInManaged (18ms)
			SetLoadedEditorAssemblies (14ms)
			RefreshPlugins (0ms)
			BeforeProcessingInitializeOnLoad (180ms)
			ProcessInitializeOnLoadAttributes (1022ms)
			ProcessInitializeOnLoadMethodAttributes (69ms)
			AfterProcessingInitializeOnLoad (15ms)
			EditorAssembliesLoaded (0ms)
		ExecutionOrderSort2 (0ms)
		AwakeInstancesAfterBackupRestoration (20ms)
Launched and connected shader compiler UnityShaderCompiler.exe after 0.13 seconds
Refreshing native plugins compatible for Editor in 7.55 ms, found 3 plugins.
Preloading 0 native plugins for Editor in 0.00 ms.
Unloading 3141 Unused Serialized files (Serialized files now loaded: 0)
Unloading 32 unused Assets / (56.8 KB). Loaded Objects now: 3610.
Memory consumption went from 129.6 MB to 129.5 MB.
Total: 10.815200 ms (FindLiveObjects: 0.401200 ms CreateObjectMapping: 0.527600 ms MarkObjects: 9.616000 ms  DeleteObjects: 0.267900 ms)

AssetImportParameters requested are different than current active one (requested -> active):
  custom:container-demuxer-ogg: 62fdf1f143b41e24485cea50d1cbac27 -> 
  custom:video-decoder-ogg-theora: a1e56fd34408186e4bbccfd4996cb3dc -> 
  custom:framework-win-MediaFoundation: 216162199b28c13a410421893ffa2e32 -> 
  custom:CustomObjectIndexerAttribute: 756ad292c208cfabdd7b50bc23989ffe -> 
  custom:container-demuxer-webm: 4f35f7cbe854078d1ac9338744f61a02 -> 
  custom:container-muxer-webm: aa71ff27fc2769a1b78a27578f13a17b -> 
  custom:video-decoder-webm-vp8: 9c59270c3fd7afecdb556c50c9e8de78 -> 
  custom:SearchIndexIgnoredProperties: e643bd26f0fe6173181afceb89e7c659 -> 
  custom:AudioImporter_EditorPlatform: d09bf68614088b80899f8185d706f6e7 -> 
  custom:video-encoder-webm-vp8: eb34c28f22e8b96e1ab97ce403110664 -> 
  custom:audio-decoder-ogg-vorbis: bf7c407c2cedff20999df2af8eb42d56 -> 
  custom:audio-encoder-webm-vorbis: bf7c407c2cedff20999df2af8eb42d56 -> 
========================================================================
Received Import Request.
  Time since last request: 71724.944731 seconds.
  path: Assets/Wood & Tools/Prefabs
  artifactKey: Guid(99e3eee7f7d41884c9928eefdcd68afd) Importer(815301076,1909f56bfc062723c751e8b465ee728b)
Start importing Assets/Wood & Tools/Prefabs using Guid(99e3eee7f7d41884c9928eefdcd68afd) Importer(815301076,1909f56bfc062723c751e8b465ee728b)  -> (artifact id: 'd42aed3d0ea0fdff6975c49943780469') in 0.003596 seconds
Number of updated asset objects reloaded before import = 0
Number of asset objects unloaded after import = 0
========================================================================
Received Import Request.
  Time since last request: 0.000048 seconds.
  path: Assets/Wood & Tools/Prefabs/Wood.prefab
  artifactKey: Guid(fa8f4a1a28699fb4f86f28581c3665c6) Importer(815301076,1909f56bfc062723c751e8b465ee728b)
Start importing Assets/Wood & Tools/Prefabs/Wood.prefab using Guid(fa8f4a1a28699fb4f86f28581c3665c6) Importer(815301076,1909f56bfc062723c751e8b465ee728b)  -> (artifact id: '118ae1f2d53b8ff73fc1ae37379c0d3c') in 0.400083 seconds
Number of updated asset objects reloaded before import = 0
Number of asset objects unloaded after import = 60
========================================================================
Received Import Request.
  Time since last request: 158.210397 seconds.
  path: Assets/Wood & Tools/Prefabs/Wood.prefab
  artifactKey: Guid(fa8f4a1a28699fb4f86f28581c3665c6) Importer(815301076,1909f56bfc062723c751e8b465ee728b)
Start importing Assets/Wood & Tools/Prefabs/Wood.prefab using Guid(fa8f4a1a28699fb4f86f28581c3665c6) Importer(815301076,1909f56bfc062723c751e8b465ee728b)  -> (artifact id: '81ebac901074dbae77548483634e48ec') in 0.027706 seconds
Number of updated asset objects reloaded before import = 0
Number of asset objects unloaded after import = 60
========================================================================
Received Import Request.
  Time since last request: 1.678239 seconds.
  path: Assets/Wood & Tools/Prefabs/Wood.prefab
  artifactKey: Guid(fa8f4a1a28699fb4f86f28581c3665c6) Importer(815301076,1909f56bfc062723c751e8b465ee728b)
Start importing Assets/Wood & Tools/Prefabs/Wood.prefab using Guid(fa8f4a1a28699fb4f86f28581c3665c6) Importer(815301076,1909f56bfc062723c751e8b465ee728b)  -> (artifact id: '36f195ebd1b6aaec721646d8368d7f58') in 0.025639 seconds
Number of updated asset objects reloaded before import = 0
Number of asset objects unloaded after import = 60
========================================================================
Received Import Request.
  Time since last request: 1.042091 seconds.
  path: Assets/Wood & Tools/Prefabs/Wood.prefab
  artifactKey: Guid(fa8f4a1a28699fb4f86f28581c3665c6) Importer(815301076,1909f56bfc062723c751e8b465ee728b)
Start importing Assets/Wood & Tools/Prefabs/Wood.prefab using Guid(fa8f4a1a28699fb4f86f28581c3665c6) Importer(815301076,1909f56bfc062723c751e8b465ee728b)  -> (artifact id: '2fcf1b683b601f59b7333d6bf1a0b293') in 0.042617 seconds
Number of updated asset objects reloaded before import = 0
Number of asset objects unloaded after import = 60
========================================================================
Received Import Request.
  Time since last request: 4.000545 seconds.
  path: Assets/Wood & Tools/Prefabs/Wood.prefab
  artifactKey: Guid(fa8f4a1a28699fb4f86f28581c3665c6) Importer(815301076,1909f56bfc062723c751e8b465ee728b)
Start importing Assets/Wood & Tools/Prefabs/Wood.prefab using Guid(fa8f4a1a28699fb4f86f28581c3665c6) Importer(815301076,1909f56bfc062723c751e8b465ee728b)  -> (artifact id: '0e0d42ed19cab9ef8e650fea996903ee') in 0.050091 seconds
Number of updated asset objects reloaded before import = 0
Number of asset objects unloaded after import = 60
========================================================================
Received Import Request.
  Time since last request: 38.074917 seconds.
  path: Assets/Wood & Tools/Prefabs/Wood.prefab
  artifactKey: Guid(fa8f4a1a28699fb4f86f28581c3665c6) Importer(815301076,1909f56bfc062723c751e8b465ee728b)
Start importing Assets/Wood & Tools/Prefabs/Wood.prefab using Guid(fa8f4a1a28699fb4f86f28581c3665c6) Importer(815301076,1909f56bfc062723c751e8b465ee728b)  -> (artifact id: '2a4d18aeeab70e03fcbc563bc5eba27f') in 0.031864 seconds
Number of updated asset objects reloaded before import = 0
Number of asset objects unloaded after import = 60
========================================================================
Received Import Request.
  Time since last request: 15.543156 seconds.
  path: Assets/Wood & Tools/Prefabs/Wood.prefab
  artifactKey: Guid(fa8f4a1a28699fb4f86f28581c3665c6) Importer(815301076,1909f56bfc062723c751e8b465ee728b)
Start importing Assets/Wood & Tools/Prefabs/Wood.prefab using Guid(fa8f4a1a28699fb4f86f28581c3665c6) Importer(815301076,1909f56bfc062723c751e8b465ee728b)  -> (artifact id: '6148ee2ec56b286675bea8a4f6431abd') in 0.022443 seconds
Number of updated asset objects reloaded before import = 0
Number of asset objects unloaded after import = 60
========================================================================
Received Import Request.
  Time since last request: 3.022604 seconds.
  path: Assets/Wood & Tools/Prefabs/Wood.prefab
  artifactKey: Guid(fa8f4a1a28699fb4f86f28581c3665c6) Importer(815301076,1909f56bfc062723c751e8b465ee728b)
Start importing Assets/Wood & Tools/Prefabs/Wood.prefab using Guid(fa8f4a1a28699fb4f86f28581c3665c6) Importer(815301076,1909f56bfc062723c751e8b465ee728b)  -> (artifact id: '02fb0997b8bbc00dc887e57a71a4be28') in 0.040047 seconds
Number of updated asset objects reloaded before import = 0
Number of asset objects unloaded after import = 60
========================================================================
Received Import Request.
  Time since last request: 7.261615 seconds.
  path: Assets/Wood & Tools/Prefabs/Wood.prefab
  artifactKey: Guid(fa8f4a1a28699fb4f86f28581c3665c6) Importer(815301076,1909f56bfc062723c751e8b465ee728b)
Start importing Assets/Wood & Tools/Prefabs/Wood.prefab using Guid(fa8f4a1a28699fb4f86f28581c3665c6) Importer(815301076,1909f56bfc062723c751e8b465ee728b)  -> (artifact id: '33733860f8d35a570560afaf187b190d') in 0.028230 seconds
Number of updated asset objects reloaded before import = 0
Number of asset objects unloaded after import = 60
========================================================================
Received Import Request.
  Time since last request: 54.829281 seconds.
  path: Assets/Wood & Tools/Prefabs/Wood.prefab
  artifactKey: Guid(fa8f4a1a28699fb4f86f28581c3665c6) Importer(815301076,1909f56bfc062723c751e8b465ee728b)
Start importing Assets/Wood & Tools/Prefabs/Wood.prefab using Guid(fa8f4a1a28699fb4f86f28581c3665c6) Importer(815301076,1909f56bfc062723c751e8b465ee728b)  -> (artifact id: 'dc994c506873ff7ef62fc10e9efa64a6') in 0.025125 seconds
Number of updated asset objects reloaded before import = 0
Number of asset objects unloaded after import = 60
========================================================================
Received Import Request.
  Time since last request: 2.033938 seconds.
  path: Assets/Wood & Tools/Prefabs/Wood.prefab
  artifactKey: Guid(fa8f4a1a28699fb4f86f28581c3665c6) Importer(815301076,1909f56bfc062723c751e8b465ee728b)
Start importing Assets/Wood & Tools/Prefabs/Wood.prefab using Guid(fa8f4a1a28699fb4f86f28581c3665c6) Importer(815301076,1909f56bfc062723c751e8b465ee728b)  -> (artifact id: '308761fe737cbbce473c0f7d2eac39c7') in 0.040704 seconds
Number of updated asset objects reloaded before import = 0
Number of asset objects unloaded after import = 60
========================================================================
Received Import Request.
  Time since last request: 4.690878 seconds.
  path: Assets/Wood & Tools/Prefabs/Wood.prefab
  artifactKey: Guid(fa8f4a1a28699fb4f86f28581c3665c6) Importer(815301076,1909f56bfc062723c751e8b465ee728b)
Start importing Assets/Wood & Tools/Prefabs/Wood.prefab using Guid(fa8f4a1a28699fb4f86f28581c3665c6) Importer(815301076,1909f56bfc062723c751e8b465ee728b)  -> (artifact id: 'd3553252141ba9027574047737a178ba') in 0.072747 seconds
Number of updated asset objects reloaded before import = 0
Number of asset objects unloaded after import = 60
========================================================================
Received Import Request.
  Time since last request: 3.265748 seconds.
  path: Assets/Wood & Tools/Prefabs/Wood.prefab
  artifactKey: Guid(fa8f4a1a28699fb4f86f28581c3665c6) Importer(815301076,1909f56bfc062723c751e8b465ee728b)
Start importing Assets/Wood & Tools/Prefabs/Wood.prefab using Guid(fa8f4a1a28699fb4f86f28581c3665c6) Importer(815301076,1909f56bfc062723c751e8b465ee728b)  -> (artifact id: 'c749b22b179c406637669cdd83d9dbcb') in 0.038056 seconds
Number of updated asset objects reloaded before import = 0
Number of asset objects unloaded after import = 60
========================================================================
Received Import Request.
  Time since last request: 3.034085 seconds.
  path: Assets/Wood & Tools/Prefabs/Wood.prefab
  artifactKey: Guid(fa8f4a1a28699fb4f86f28581c3665c6) Importer(815301076,1909f56bfc062723c751e8b465ee728b)
Start importing Assets/Wood & Tools/Prefabs/Wood.prefab using Guid(fa8f4a1a28699fb4f86f28581c3665c6) Importer(815301076,1909f56bfc062723c751e8b465ee728b)  -> (artifact id: '52f9e5b9a7b7660193a82e911df19e6a') in 0.065759 seconds
Number of updated asset objects reloaded before import = 0
Number of asset objects unloaded after import = 60
========================================================================
Received Import Request.
  Time since last request: 3.640243 seconds.
  path: Assets/Wood & Tools/Prefabs/Wood.prefab
  artifactKey: Guid(fa8f4a1a28699fb4f86f28581c3665c6) Importer(815301076,1909f56bfc062723c751e8b465ee728b)
Start importing Assets/Wood & Tools/Prefabs/Wood.prefab using Guid(fa8f4a1a28699fb4f86f28581c3665c6) Importer(815301076,1909f56bfc062723c751e8b465ee728b)  -> (artifact id: '452d0f59aebbc11b9292530aee5a7ae6') in 0.039130 seconds
Number of updated asset objects reloaded before import = 0
Number of asset objects unloaded after import = 60
========================================================================
Received Import Request.
  Time since last request: 4.362102 seconds.
  path: Assets/Wood & Tools/Prefabs/Wood.prefab
  artifactKey: Guid(fa8f4a1a28699fb4f86f28581c3665c6) Importer(815301076,1909f56bfc062723c751e8b465ee728b)
Start importing Assets/Wood & Tools/Prefabs/Wood.prefab using Guid(fa8f4a1a28699fb4f86f28581c3665c6) Importer(815301076,1909f56bfc062723c751e8b465ee728b)  -> (artifact id: '30896ae59845a1a4453a0a487f1045ec') in 0.046195 seconds
Number of updated asset objects reloaded before import = 0
Number of asset objects unloaded after import = 60
========================================================================
Received Import Request.
  Time since last request: 9.946656 seconds.
  path: Assets/Wood & Tools/Prefabs/Wood.prefab
  artifactKey: Guid(fa8f4a1a28699fb4f86f28581c3665c6) Importer(815301076,1909f56bfc062723c751e8b465ee728b)
Start importing Assets/Wood & Tools/Prefabs/Wood.prefab using Guid(fa8f4a1a28699fb4f86f28581c3665c6) Importer(815301076,1909f56bfc062723c751e8b465ee728b)  -> (artifact id: 'b658e42fcaf78c290acbe1885f5287d8') in 0.048327 seconds
Number of updated asset objects reloaded before import = 0
Number of asset objects unloaded after import = 60
========================================================================
Received Import Request.
  Time since last request: 54.503170 seconds.
  path: Assets/Wood & Tools/Prefabs/Wood.prefab
  artifactKey: Guid(fa8f4a1a28699fb4f86f28581c3665c6) Importer(815301076,1909f56bfc062723c751e8b465ee728b)
Start importing Assets/Wood & Tools/Prefabs/Wood.prefab using Guid(fa8f4a1a28699fb4f86f28581c3665c6) Importer(815301076,1909f56bfc062723c751e8b465ee728b)  -> (artifact id: 'cd4894950b8c4d276480c2768f5f6df9') in 0.050037 seconds
Number of updated asset objects reloaded before import = 0
Number of asset objects unloaded after import = 60
========================================================================
Received Import Request.
  Time since last request: 119.262283 seconds.
  path: Assets/Wood & Tools/Prefabs/Wood.prefab
  artifactKey: Guid(fa8f4a1a28699fb4f86f28581c3665c6) Importer(815301076,1909f56bfc062723c751e8b465ee728b)
Start importing Assets/Wood & Tools/Prefabs/Wood.prefab using Guid(fa8f4a1a28699fb4f86f28581c3665c6) Importer(815301076,1909f56bfc062723c751e8b465ee728b)  -> (artifact id: '63abe2cd3a2c8c8562b62dddb44a880c') in 0.043119 seconds
Number of updated asset objects reloaded before import = 0
Number of asset objects unloaded after import = 60
========================================================================
Received Import Request.
  Time since last request: 47.468512 seconds.
  path: Assets/Birthday/Prefabs/Birthday Card.prefab
  artifactKey: Guid(65722a7aee567794c9c0f3fdc5d441c1) Importer(815301076,1909f56bfc062723c751e8b465ee728b)
Start importing Assets/Birthday/Prefabs/Birthday Card.prefab using Guid(65722a7aee567794c9c0f3fdc5d441c1) Importer(815301076,1909f56bfc062723c751e8b465ee728b)  -> (artifact id: 'f7c72fabb48bea51095325c6bddb543d') in 0.077463 seconds
Number of updated asset objects reloaded before import = 0
Number of asset objects unloaded after import = 9
========================================================================
Received Import Request.
  Time since last request: 0.297496 seconds.
  path: Assets/Birthday/Prefabs/Birthday Card.prefab
  artifactKey: Guid(65722a7aee567794c9c0f3fdc5d441c1) Importer(815301076,1909f56bfc062723c751e8b465ee728b)
Start importing Assets/Birthday/Prefabs/Birthday Card.prefab using Guid(65722a7aee567794c9c0f3fdc5d441c1) Importer(815301076,1909f56bfc062723c751e8b465ee728b)  -> (artifact id: '2093d80ca363e2474c3c6c298b407ff9') in 0.029023 seconds
Number of updated asset objects reloaded before import = 0
Number of asset objects unloaded after import = 9
========================================================================
Received Import Request.
  Time since last request: 1.048336 seconds.
  path: Assets/Birthday/Prefabs/Birthday Card.prefab
  artifactKey: Guid(65722a7aee567794c9c0f3fdc5d441c1) Importer(815301076,1909f56bfc062723c751e8b465ee728b)
Start importing Assets/Birthday/Prefabs/Birthday Card.prefab using Guid(65722a7aee567794c9c0f3fdc5d441c1) Importer(815301076,1909f56bfc062723c751e8b465ee728b)  -> (artifact id: 'ae1ed60877975b4b0cd81879f5c18bfd') in 0.042678 seconds
Number of updated asset objects reloaded before import = 0
Number of asset objects unloaded after import = 9
========================================================================
Received Import Request.
  Time since last request: 37.855520 seconds.
  path: Assets/Birthday/Prefabs/Birthday Card.prefab
  artifactKey: Guid(65722a7aee567794c9c0f3fdc5d441c1) Importer(815301076,1909f56bfc062723c751e8b465ee728b)
Start importing Assets/Birthday/Prefabs/Birthday Card.prefab using Guid(65722a7aee567794c9c0f3fdc5d441c1) Importer(815301076,1909f56bfc062723c751e8b465ee728b)  -> (artifact id: 'd7a6982b101d03b90acdbed983c1639a') in 0.030098 seconds
Number of updated asset objects reloaded before import = 0
Number of asset objects unloaded after import = 9
========================================================================
Received Import Request.
  Time since last request: 3.636107 seconds.
  path: Assets/Birthday/Prefabs/Birthday Card.prefab
  artifactKey: Guid(65722a7aee567794c9c0f3fdc5d441c1) Importer(815301076,1909f56bfc062723c751e8b465ee728b)
Start importing Assets/Birthday/Prefabs/Birthday Card.prefab using Guid(65722a7aee567794c9c0f3fdc5d441c1) Importer(815301076,1909f56bfc062723c751e8b465ee728b)  -> (artifact id: 'c60b80bcaaa40ea57ca09f1fee1b7559') in 0.072295 seconds
Number of updated asset objects reloaded before import = 0
Number of asset objects unloaded after import = 9
========================================================================
Received Import Request.
  Time since last request: 6.803376 seconds.
  path: Assets/Birthday/Prefabs/Birthday Card.prefab
  artifactKey: Guid(65722a7aee567794c9c0f3fdc5d441c1) Importer(815301076,1909f56bfc062723c751e8b465ee728b)
Start importing Assets/Birthday/Prefabs/Birthday Card.prefab using Guid(65722a7aee567794c9c0f3fdc5d441c1) Importer(815301076,1909f56bfc062723c751e8b465ee728b)  -> (artifact id: '8ddeb9dc4c7478be9aa8a67fce41cfa0') in 0.046457 seconds
Number of updated asset objects reloaded before import = 0
Number of asset objects unloaded after import = 9
========================================================================
Received Import Request.
  Time since last request: 3.576480 seconds.
  path: Assets/Birthday/Prefabs/Birthday Card.prefab
  artifactKey: Guid(65722a7aee567794c9c0f3fdc5d441c1) Importer(815301076,1909f56bfc062723c751e8b465ee728b)
Start importing Assets/Birthday/Prefabs/Birthday Card.prefab using Guid(65722a7aee567794c9c0f3fdc5d441c1) Importer(815301076,1909f56bfc062723c751e8b465ee728b)  -> (artifact id: '33d3d85ec8ac8d52549aa72950b29b37') in 0.031204 seconds
Number of updated asset objects reloaded before import = 0
Number of asset objects unloaded after import = 9
========================================================================
Received Import Request.
  Time since last request: 2.856539 seconds.
  path: Assets/Birthday/Prefabs/Birthday Card.prefab
  artifactKey: Guid(65722a7aee567794c9c0f3fdc5d441c1) Importer(815301076,1909f56bfc062723c751e8b465ee728b)
Start importing Assets/Birthday/Prefabs/Birthday Card.prefab using Guid(65722a7aee567794c9c0f3fdc5d441c1) Importer(815301076,1909f56bfc062723c751e8b465ee728b)  -> (artifact id: '900f844789b958ce1e1897fbae305618') in 0.046820 seconds
Number of updated asset objects reloaded before import = 0
Number of asset objects unloaded after import = 9
========================================================================
Received Import Request.
  Time since last request: 34.658096 seconds.
  path: Assets/Birthday/Prefabs/Birthday Card.prefab
  artifactKey: Guid(65722a7aee567794c9c0f3fdc5d441c1) Importer(815301076,1909f56bfc062723c751e8b465ee728b)
Start importing Assets/Birthday/Prefabs/Birthday Card.prefab using Guid(65722a7aee567794c9c0f3fdc5d441c1) Importer(815301076,1909f56bfc062723c751e8b465ee728b)  -> (artifact id: '69336586091eb02635aca5603859a07c') in 0.044951 seconds
Number of updated asset objects reloaded before import = 0
Number of asset objects unloaded after import = 9
========================================================================
Received Import Request.
  Time since last request: 78.457384 seconds.
  path: Assets/Wood & Tools/Prefabs/Wood.prefab
  artifactKey: Guid(fa8f4a1a28699fb4f86f28581c3665c6) Importer(815301076,1909f56bfc062723c751e8b465ee728b)
Start importing Assets/Wood & Tools/Prefabs/Wood.prefab using Guid(fa8f4a1a28699fb4f86f28581c3665c6) Importer(815301076,1909f56bfc062723c751e8b465ee728b)  -> (artifact id: 'a658b0df945aac485e825f4a7fe49a61') in 0.063245 seconds
Number of updated asset objects reloaded before import = 0
Number of asset objects unloaded after import = 60
========================================================================
Received Import Request.
  Time since last request: 32.868069 seconds.
  path: Assets/Wood & Tools/Prefabs/Screwdriver_Cross.prefab
  artifactKey: Guid(537ab85af9f24fe42aeca34f12e70e40) Importer(815301076,1909f56bfc062723c751e8b465ee728b)
Start importing Assets/Wood & Tools/Prefabs/Screwdriver_Cross.prefab using Guid(537ab85af9f24fe42aeca34f12e70e40) Importer(815301076,1909f56bfc062723c751e8b465ee728b)  -> (artifact id: '08cafb77b8c7a61f29a57a4914786303') in 0.021609 seconds
Number of updated asset objects reloaded before import = 0
Number of asset objects unloaded after import = 11
========================================================================
Received Import Request.
  Time since last request: 0.455788 seconds.
  path: Assets/Wood & Tools/Prefabs/Screwdriver_Cross.prefab
  artifactKey: Guid(537ab85af9f24fe42aeca34f12e70e40) Importer(815301076,1909f56bfc062723c751e8b465ee728b)
Start importing Assets/Wood & Tools/Prefabs/Screwdriver_Cross.prefab using Guid(537ab85af9f24fe42aeca34f12e70e40) Importer(815301076,1909f56bfc062723c751e8b465ee728b)  -> (artifact id: 'a72176129ffa5d5a1ab8c8f5ba50687b') in 0.018116 seconds
Number of updated asset objects reloaded before import = 0
Number of asset objects unloaded after import = 11
========================================================================
Received Import Request.
  Time since last request: 4.153285 seconds.
  path: Assets/Wood & Tools/Prefabs/Screwdriver_Cross.prefab
  artifactKey: Guid(537ab85af9f24fe42aeca34f12e70e40) Importer(815301076,1909f56bfc062723c751e8b465ee728b)
Start importing Assets/Wood & Tools/Prefabs/Screwdriver_Cross.prefab using Guid(537ab85af9f24fe42aeca34f12e70e40) Importer(815301076,1909f56bfc062723c751e8b465ee728b)  -> (artifact id: '3e622f7c3bcf2b827130dcf4f9b50957') in 0.033386 seconds
Number of updated asset objects reloaded before import = 0
Number of asset objects unloaded after import = 11
========================================================================
Received Import Request.
  Time since last request: 168.152145 seconds.
  path: Assets/Towel/textures
  artifactKey: Guid(c578cc7ede2555046a7c225850f47cbb) Importer(815301076,1909f56bfc062723c751e8b465ee728b)
Start importing Assets/Towel/textures using Guid(c578cc7ede2555046a7c225850f47cbb) Importer(815301076,1909f56bfc062723c751e8b465ee728b)  -> (artifact id: 'cba33d16cc3394a25ac5ca89e0b14d6c') in 0.003427 seconds
Number of updated asset objects reloaded before import = 0
Number of asset objects unloaded after import = 0
========================================================================
Received Import Request.
  Time since last request: 133.515669 seconds.
  path: Assets/Key/Scenes
  artifactKey: Guid(ede9fc5615faf26449be0b72ff64301a) Importer(815301076,1909f56bfc062723c751e8b465ee728b)
Start importing Assets/Key/Scenes using Guid(ede9fc5615faf26449be0b72ff64301a) Importer(815301076,1909f56bfc062723c751e8b465ee728b)  -> (artifact id: '0bc583c0321da46d6571d43ab077ef7d') in 0.002810 seconds
Number of updated asset objects reloaded before import = 0
Number of asset objects unloaded after import = 0
========================================================================
Received Import Request.
  Time since last request: 1.096830 seconds.
  path: Assets/Key/Textures
  artifactKey: Guid(cf0bc8641832b4a4fab6849961bb084d) Importer(815301076,1909f56bfc062723c751e8b465ee728b)
Start importing Assets/Key/Textures using Guid(cf0bc8641832b4a4fab6849961bb084d) Importer(815301076,1909f56bfc062723c751e8b465ee728b)  -> (artifact id: '5f66eebd5442bedd50179a543d70066d') in 0.002880 seconds
Number of updated asset objects reloaded before import = 0
Number of asset objects unloaded after import = 0
========================================================================
Received Import Request.
  Time since last request: 1.676406 seconds.
  path: Assets/Key/Prefabs
  artifactKey: Guid(5c234d6ed16dfad4ca5b93954e7e3402) Importer(815301076,1909f56bfc062723c751e8b465ee728b)
Start importing Assets/Key/Prefabs using Guid(5c234d6ed16dfad4ca5b93954e7e3402) Importer(815301076,1909f56bfc062723c751e8b465ee728b)  -> (artifact id: '9cf805b477094645c2915c14e8fbc7c9') in 0.002872 seconds
Number of updated asset objects reloaded before import = 0
Number of asset objects unloaded after import = 0
========================================================================
Received Import Request.
  Time since last request: 0.062617 seconds.
  path: Assets/Key/Prefabs/Lobby Key.prefab
  artifactKey: Guid(609cad5eb478dd849beaf2705286bdf7) Importer(815301076,1909f56bfc062723c751e8b465ee728b)
Start importing Assets/Key/Prefabs/Lobby Key.prefab using Guid(609cad5eb478dd849beaf2705286bdf7) Importer(815301076,1909f56bfc062723c751e8b465ee728b)  -> (artifact id: 'e7308d56f36b30211d5801bcd07148b7') in 1.254301 seconds
Number of updated asset objects reloaded before import = 0
Number of asset objects unloaded after import = 67
========================================================================
Received Import Request.
  Time since last request: 695.568161 seconds.
  path: Assets/SafeBox/SafeBox.prefab
  artifactKey: Guid(46235fa8f34301a4f9272f563ae23d61) Importer(815301076,1909f56bfc062723c751e8b465ee728b)
Start importing Assets/SafeBox/SafeBox.prefab using Guid(46235fa8f34301a4f9272f563ae23d61) Importer(815301076,1909f56bfc062723c751e8b465ee728b)  -> (artifact id: 'a18a92f70a11466bfc564f95559453c6') in 0.159575 seconds
Number of updated asset objects reloaded before import = 0
Number of asset objects unloaded after import = 140
========================================================================
Received Import Request.
  Time since last request: 6.149403 seconds.
  path: Assets/SafeBox/SafeBoxUI.prefab
  artifactKey: Guid(b8089dfac9b4ef44db59561327ea547c) Importer(815301076,1909f56bfc062723c751e8b465ee728b)
Start importing Assets/SafeBox/SafeBoxUI.prefab using Guid(b8089dfac9b4ef44db59561327ea547c) Importer(815301076,1909f56bfc062723c751e8b465ee728b)  -> (artifact id: 'c136e694e750533f17e8426e0c778cec') in 0.022855 seconds
Number of updated asset objects reloaded before import = 0
Number of asset objects unloaded after import = 127
========================================================================
Received Import Request.
  Time since last request: 82.763076 seconds.
  path: Assets/Key/Prefabs/Lobby Key.prefab
  artifactKey: Guid(609cad5eb478dd849beaf2705286bdf7) Importer(815301076,1909f56bfc062723c751e8b465ee728b)
Start importing Assets/Key/Prefabs/Lobby Key.prefab using Guid(609cad5eb478dd849beaf2705286bdf7) Importer(815301076,1909f56bfc062723c751e8b465ee728b)  -> (artifact id: '380a42715fe6a0dfd9ceaa2576d5de15') in 0.081402 seconds
Number of updated asset objects reloaded before import = 0
Number of asset objects unloaded after import = 67
