Using pre-set license
Built from '2022.3/staging' branch; Version is '2022.3.14f1 (eff2de9070d8) revision 15725278'; Using compiler version '192829333'; Build Type 'Release'
OS: 'Windows 11  (10.0.22631) 64bit Professional' Language: 'ko' Physical Memory: 16085 MB
BatchMode: 1, IsHumanControllingUs: 0, StartBugReporterOnCrash: 0, Is64bit: 1, IsPro: 1

COMMAND LINE ARGUMENTS:
C:\Program Files\Unity\Hub\Editor\2022.3.14f1\Editor\Unity.exe
-adb2
-batchMode
-noUpm
-name
AssetImportWorker4
-projectPath
C:/Users/Tag/Desktop/Paradise/Paradise
-logFile
Logs/AssetImportWorker4.log
-srvPort
58041
Successfully changed project path to: C:/Users/Tag/Desktop/Paradise/Paradise
C:/Users/Tag/Desktop/Paradise/Paradise
[UnityMemory] Configuration Parameters - Can be set up in boot.config
    "memorysetup-bucket-allocator-granularity=16"
    "memorysetup-bucket-allocator-bucket-count=8"
    "memorysetup-bucket-allocator-block-size=33554432"
    "memorysetup-bucket-allocator-block-count=8"
    "memorysetup-main-allocator-block-size=16777216"
    "memorysetup-thread-allocator-block-size=16777216"
    "memorysetup-gfx-main-allocator-block-size=16777216"
    "memorysetup-gfx-thread-allocator-block-size=16777216"
    "memorysetup-cache-allocator-block-size=4194304"
    "memorysetup-typetree-allocator-block-size=2097152"
    "memorysetup-profiler-bucket-allocator-granularity=16"
    "memorysetup-profiler-bucket-allocator-bucket-count=8"
    "memorysetup-profiler-bucket-allocator-block-size=33554432"
    "memorysetup-profiler-bucket-allocator-block-count=8"
    "memorysetup-profiler-allocator-block-size=16777216"
    "memorysetup-profiler-editor-allocator-block-size=1048576"
    "memorysetup-temp-allocator-size-main=16777216"
    "memorysetup-job-temp-allocator-block-size=2097152"
    "memorysetup-job-temp-allocator-block-size-background=1048576"
    "memorysetup-job-temp-allocator-reduction-small-platforms=262144"
    "memorysetup-allocator-temp-initial-block-size-main=262144"
    "memorysetup-allocator-temp-initial-block-size-worker=262144"
    "memorysetup-temp-allocator-size-background-worker=32768"
    "memorysetup-temp-allocator-size-job-worker=262144"
    "memorysetup-temp-allocator-size-preload-manager=33554432"
    "memorysetup-temp-allocator-size-nav-mesh-worker=65536"
    "memorysetup-temp-allocator-size-audio-worker=65536"
    "memorysetup-temp-allocator-size-cloud-worker=32768"
    "memorysetup-temp-allocator-size-gi-baking-worker=262144"
    "memorysetup-temp-allocator-size-gfx=262144"
Player connection [12028] Host "[IP] 172.30.1.29 [Port] 0 [Flags] 2 [Guid] 3067516959 [EditorId] 3067516959 [Version] 1048832 [Id] WindowsEditor(7,DESKTOP-NR3NGRD) [Debug] 1 [PackageName] WindowsEditor [ProjectName] Editor" joined multi-casting on [225.0.0.222:54997]...

Player connection [12028] Host "[IP] 172.30.1.29 [Port] 0 [Flags] 2 [Guid] 3067516959 [EditorId] 3067516959 [Version] 1048832 [Id] WindowsEditor(7,DESKTOP-NR3NGRD) [Debug] 1 [PackageName] WindowsEditor [ProjectName] Editor" joined alternative multi-casting on [225.0.0.222:34997]...

[Physics::Module] Initialized MultithreadedJobDispatcher with 11 workers.
Refreshing native plugins compatible for Editor in 11.08 ms, found 3 plugins.
Preloading 0 native plugins for Editor in 0.00 ms.
Initialize engine version: 2022.3.14f1 (eff2de9070d8)
[Subsystems] Discovering subsystems at path C:/Program Files/Unity/Hub/Editor/2022.3.14f1/Editor/Data/Resources/UnitySubsystems
[Subsystems] Discovering subsystems at path C:/Users/Tag/Desktop/Paradise/Paradise/Assets
GfxDevice: creating device client; threaded=0; jobified=0
Direct3D:
    Version:  Direct3D 11.0 [level 11.1]
    Renderer: NVIDIA GeForce RTX 2050 (ID=0x25ad)
    Vendor:   NVIDIA
    VRAM:     3964 MB
    Driver:   32.0.15.5599
Initialize mono
Mono path[0] = 'C:/Program Files/Unity/Hub/Editor/2022.3.14f1/Editor/Data/Managed'
Mono path[1] = 'C:/Program Files/Unity/Hub/Editor/2022.3.14f1/Editor/Data/MonoBleedingEdge/lib/mono/unityjit-win32'
Mono config path = 'C:/Program Files/Unity/Hub/Editor/2022.3.14f1/Editor/Data/MonoBleedingEdge/etc'
Using monoOptions --debugger-agent=transport=dt_socket,embedding=1,server=y,suspend=n,address=127.0.0.1:56744
Begin MonoManager ReloadAssembly
Registering precompiled unity dll's ...
Register platform support module: C:/Program Files/Unity/Hub/Editor/2022.3.14f1/Editor/Data/PlaybackEngines/WindowsStandaloneSupport/UnityEditor.WindowsStandalone.Extensions.dll
Registered in 0.019282 seconds.
- Loaded All Assemblies, in  0.754 seconds
Native extension for WindowsStandalone target not found
Mono: successfully reloaded assembly
- Finished resetting the current domain, in  0.491 seconds
Domain Reload Profiling: 1243ms
	BeginReloadAssembly (250ms)
		ExecutionOrderSort (0ms)
		DisableScriptedObjects (0ms)
		BackupInstance (0ms)
		ReleaseScriptingObjects (0ms)
		CreateAndSetChildDomain (1ms)
	RebuildCommonClasses (83ms)
	RebuildNativeTypeToScriptingClass (26ms)
	initialDomainReloadingComplete (159ms)
	LoadAllAssembliesAndSetupDomain (234ms)
		LoadAssemblies (248ms)
		RebuildTransferFunctionScriptingTraits (0ms)
		AnalyzeDomain (229ms)
			TypeCache.Refresh (227ms)
				TypeCache.ScanAssembly (205ms)
			ScanForSourceGeneratedMonoScriptInfo (1ms)
			ResolveRequiredComponents (1ms)
	FinalizeReload (492ms)
		ReleaseScriptCaches (0ms)
		RebuildScriptCaches (0ms)
		SetupLoadedEditorAssemblies (381ms)
			LogAssemblyErrors (0ms)
			InitializePlatformSupportModulesInManaged (16ms)
			SetLoadedEditorAssemblies (16ms)
			RefreshPlugins (0ms)
			BeforeProcessingInitializeOnLoad (5ms)
			ProcessInitializeOnLoadAttributes (249ms)
			ProcessInitializeOnLoadMethodAttributes (97ms)
			AfterProcessingInitializeOnLoad (0ms)
			EditorAssembliesLoaded (0ms)
		ExecutionOrderSort2 (0ms)
		AwakeInstancesAfterBackupRestoration (0ms)
========================================================================
Worker process is ready to serve import requests
Begin MonoManager ReloadAssembly
- Loaded All Assemblies, in  1.193 seconds
Refreshing native plugins compatible for Editor in 4.43 ms, found 3 plugins.
Native extension for WindowsStandalone target not found
Package Manager log level set to [2]
[Package Manager] Server::EnsureServerProcessIsRunning -- launch failed, reason: Unity was launched with the -noUpm command-line argument
[Package Manager] UpmClient::Send -- Unable to send message (not connected to UPM process).
[Package Manager] Cannot connect to Unity Package Manager local server
Mono: successfully reloaded assembly
- Finished resetting the current domain, in  1.010 seconds
Domain Reload Profiling: 2199ms
	BeginReloadAssembly (274ms)
		ExecutionOrderSort (0ms)
		DisableScriptedObjects (12ms)
		BackupInstance (0ms)
		ReleaseScriptingObjects (0ms)
		CreateAndSetChildDomain (42ms)
	RebuildCommonClasses (57ms)
	RebuildNativeTypeToScriptingClass (19ms)
	initialDomainReloadingComplete (78ms)
	LoadAllAssembliesAndSetupDomain (760ms)
		LoadAssemblies (592ms)
		RebuildTransferFunctionScriptingTraits (0ms)
		AnalyzeDomain (322ms)
			TypeCache.Refresh (286ms)
				TypeCache.ScanAssembly (265ms)
			ScanForSourceGeneratedMonoScriptInfo (26ms)
			ResolveRequiredComponents (9ms)
	FinalizeReload (1011ms)
		ReleaseScriptCaches (0ms)
		RebuildScriptCaches (0ms)
		SetupLoadedEditorAssemblies (748ms)
			LogAssemblyErrors (0ms)
			InitializePlatformSupportModulesInManaged (10ms)
			SetLoadedEditorAssemblies (6ms)
			RefreshPlugins (0ms)
			BeforeProcessingInitializeOnLoad (99ms)
			ProcessInitializeOnLoadAttributes (579ms)
			ProcessInitializeOnLoadMethodAttributes (43ms)
			AfterProcessingInitializeOnLoad (10ms)
			EditorAssembliesLoaded (0ms)
		ExecutionOrderSort2 (0ms)
		AwakeInstancesAfterBackupRestoration (15ms)
Launched and connected shader compiler UnityShaderCompiler.exe after 0.08 seconds
Refreshing native plugins compatible for Editor in 4.63 ms, found 3 plugins.
Preloading 0 native plugins for Editor in 0.00 ms.
Unloading 3162 Unused Serialized files (Serialized files now loaded: 0)
Unloading 32 unused Assets / (57.0 KB). Loaded Objects now: 3637.
Memory consumption went from 131.5 MB to 131.5 MB.
Total: 4.518300 ms (FindLiveObjects: 0.413700 ms CreateObjectMapping: 0.165400 ms MarkObjects: 3.597100 ms  DeleteObjects: 0.339700 ms)

AssetImportParameters requested are different than current active one (requested -> active):
  custom:container-demuxer-ogg: 62fdf1f143b41e24485cea50d1cbac27 -> 
  custom:video-codec-MediaFoundation-h265: 746d11721c4dcdbdad8f713fa42b33f4 -> 
  custom:video-decoder-ogg-theora: a1e56fd34408186e4bbccfd4996cb3dc -> 
  custom:scripting/monoscript/fileName/AlphabetButton.cs: e2caffb45c1eb3d22d3ea3958eecd6fa -> 5763fbda3057d5d9e2ce9f62cb850c77
  custom:framework-win-MediaFoundation: 216162199b28c13a410421893ffa2e32 -> 
  custom:CustomObjectIndexerAttribute: 756ad292c208cfabdd7b50bc23989ffe -> 
  custom:container-demuxer-webm: 4f35f7cbe854078d1ac9338744f61a02 -> 
  custom:container-muxer-webm: aa71ff27fc2769a1b78a27578f13a17b -> 
  custom:video-decoder-webm-vp8: 9c59270c3fd7afecdb556c50c9e8de78 -> 
  custom:scripting/monoscript/fileName/DoorPasswordUI.cs: 40910375789a5f508453d7e5c35e3f0e -> 659d0eabe66d50bcc3f2aa28b9a08d58
  custom:SearchIndexIgnoredProperties: e643bd26f0fe6173181afceb89e7c659 -> 
  custom:AudioImporter_EditorPlatform: d09bf68614088b80899f8185d706f6e7 -> 
  custom:video-encoder-webm-vp8: eb34c28f22e8b96e1ab97ce403110664 -> 
  custom:audio-decoder-ogg-vorbis: bf7c407c2cedff20999df2af8eb42d56 -> 
  custom:scripting/monoscript/fileName/DoorPassword.cs: 7c20014e3574d888d5cb7abfc651225c -> b0f3c5e3f57ebbbbec3ccea6fc0a5323
  custom:audio-encoder-webm-vorbis: bf7c407c2cedff20999df2af8eb42d56 -> 
========================================================================
Received Import Request.
  Time since last request: 31636.512978 seconds.
  path: Assets/Free Wood Door Pack/Texture/Door_2/Materials/Door_2_AO.mat
  artifactKey: Guid(292dbb2835f71f64fb6b93dab4aa968b) Importer(815301076,1909f56bfc062723c751e8b465ee728b)
Start importing Assets/Free Wood Door Pack/Texture/Door_2/Materials/Door_2_AO.mat using Guid(292dbb2835f71f64fb6b93dab4aa968b) Importer(815301076,1909f56bfc062723c751e8b465ee728b)  -> (artifact id: 'e6553595198b10e1967e1c787d825b16') in 0.249136 seconds
Number of updated asset objects reloaded before import = 0
Number of asset objects unloaded after import = 2
========================================================================
Received Import Request.
  Time since last request: 1594.236377 seconds.
  path: Assets/Free Wood Door Pack/Texture/Materials
  artifactKey: Guid(0f3d7d849f4d964419b8c1a6419b6cad) Importer(815301076,1909f56bfc062723c751e8b465ee728b)
Start importing Assets/Free Wood Door Pack/Texture/Materials using Guid(0f3d7d849f4d964419b8c1a6419b6cad) Importer(815301076,1909f56bfc062723c751e8b465ee728b)  -> (artifact id: '2c2bab9056d96fd55a33293695c17c1e') in 0.002277 seconds
Number of updated asset objects reloaded before import = 0
Number of asset objects unloaded after import = 0
========================================================================
Received Import Request.
  Time since last request: 0.206294 seconds.
  path: Assets/Free Wood Door Pack/Texture/Materials/BG.mat
  artifactKey: Guid(a5c25a2d30c5e5f4dab0894bc13d08b9) Importer(815301076,1909f56bfc062723c751e8b465ee728b)
Start importing Assets/Free Wood Door Pack/Texture/Materials/BG.mat using Guid(a5c25a2d30c5e5f4dab0894bc13d08b9) Importer(815301076,1909f56bfc062723c751e8b465ee728b)  -> (artifact id: 'f3a860b3133fc46002b4c443e876aaa9') in 0.052385 seconds
Number of updated asset objects reloaded before import = 0
Number of asset objects unloaded after import = 2
========================================================================
Received Import Request.
  Time since last request: 1.714063 seconds.
  path: Assets/Free Wood Door Pack/Texture/Door_Knob/Knob_Albedo.tga
  artifactKey: Guid(4966e147b171ba5449703b686a307c15) Importer(815301076,1909f56bfc062723c751e8b465ee728b)
Start importing Assets/Free Wood Door Pack/Texture/Door_Knob/Knob_Albedo.tga using Guid(4966e147b171ba5449703b686a307c15) Importer(815301076,1909f56bfc062723c751e8b465ee728b)  -> (artifact id: '8f05617c0ff90600de8dcb772cb1b2e1') in 0.070455 seconds
Number of updated asset objects reloaded before import = 0
Number of asset objects unloaded after import = 2
========================================================================
Received Import Request.
  Time since last request: 85.230652 seconds.
  path: Assets/Free Wood Door Pack/Texture/Door_4/Materials
  artifactKey: Guid(64250c1d91057484e871363aa37d079c) Importer(815301076,1909f56bfc062723c751e8b465ee728b)
Start importing Assets/Free Wood Door Pack/Texture/Door_4/Materials using Guid(64250c1d91057484e871363aa37d079c) Importer(815301076,1909f56bfc062723c751e8b465ee728b)  -> (artifact id: '77489331ac488b3bf138a873ec8fb80c') in 0.001606 seconds
Number of updated asset objects reloaded before import = 0
Number of asset objects unloaded after import = 0
========================================================================
Received Import Request.
  Time since last request: 0.066095 seconds.
  path: Assets/Free Wood Door Pack/Texture/Door_4/Materials/Door_4_Albedo.mat
  artifactKey: Guid(fffe91c4b3202ee468c9920a9749b442) Importer(815301076,1909f56bfc062723c751e8b465ee728b)
Start importing Assets/Free Wood Door Pack/Texture/Door_4/Materials/Door_4_Albedo.mat using Guid(fffe91c4b3202ee468c9920a9749b442) Importer(815301076,1909f56bfc062723c751e8b465ee728b)  -> (artifact id: '8415dd08ac46fe69d320073bedeb988f') in 0.043105 seconds
Number of updated asset objects reloaded before import = 0
Number of asset objects unloaded after import = 2
========================================================================
Received Import Request.
  Time since last request: 284.527760 seconds.
  path: Assets/Materials/New Material.mat
  artifactKey: Guid(8dc7a8fb65e28b344a8b1893441a3083) Importer(815301076,1909f56bfc062723c751e8b465ee728b)
Start importing Assets/Materials/New Material.mat using Guid(8dc7a8fb65e28b344a8b1893441a3083) Importer(815301076,1909f56bfc062723c751e8b465ee728b)  -> (artifact id: 'b8b5d96a7dbe080176ea583b0c971ff9') in 0.032571 seconds
Number of updated asset objects reloaded before import = 0
Number of asset objects unloaded after import = 1
========================================================================
Received Import Request.
  Time since last request: 18.589584 seconds.
  path: Assets/Materials/New Material 1.mat
  artifactKey: Guid(d2bef5283c5edf04e91002c4bfbd51aa) Importer(815301076,1909f56bfc062723c751e8b465ee728b)
Start importing Assets/Materials/New Material 1.mat using Guid(d2bef5283c5edf04e91002c4bfbd51aa) Importer(815301076,1909f56bfc062723c751e8b465ee728b)  -> (artifact id: 'f2f9988faee49a847d4bfad5787d59c9') in 0.027081 seconds
Number of updated asset objects reloaded before import = 0
Number of asset objects unloaded after import = 1
========================================================================
Received Import Request.
  Time since last request: 1667.198275 seconds.
  path: Assets/Materials/pexels-fwstudio-33348-172276.jpg
  artifactKey: Guid(f135949e563ecf04bb1bc01e6bf77a59) Importer(815301076,1909f56bfc062723c751e8b465ee728b)
Start importing Assets/Materials/pexels-fwstudio-33348-172276.jpg using Guid(f135949e563ecf04bb1bc01e6bf77a59) Importer(815301076,1909f56bfc062723c751e8b465ee728b)  -> (artifact id: '7c6a7147aab4bb3500d50538253f5b65') in 0.064199 seconds
Number of updated asset objects reloaded before import = 0
Number of asset objects unloaded after import = 2
========================================================================
Received Import Request.
  Time since last request: 130.395347 seconds.
  path: Assets/Materials/Materials
  artifactKey: Guid(e891cc72eca3afb428e73c484a48c509) Importer(815301076,1909f56bfc062723c751e8b465ee728b)
Start importing Assets/Materials/Materials using Guid(e891cc72eca3afb428e73c484a48c509) Importer(815301076,1909f56bfc062723c751e8b465ee728b)  -> (artifact id: '7312981e31c99279666b2e3e31d4bed6') in 0.001653 seconds
Number of updated asset objects reloaded before import = 0
Number of asset objects unloaded after import = 0
========================================================================
Received Import Request.
  Time since last request: 96.600847 seconds.
  path: Assets/Materials/brushedsteel4.jpg
  artifactKey: Guid(eb6e14e1fa8b3364682b130ace2d67ea) Importer(815301076,1909f56bfc062723c751e8b465ee728b)
Start importing Assets/Materials/brushedsteel4.jpg using Guid(eb6e14e1fa8b3364682b130ace2d67ea) Importer(815301076,1909f56bfc062723c751e8b465ee728b)  -> (artifact id: 'ae6eb6839aa8e3dd4e3464c0289e3d43') in 0.057652 seconds
Number of updated asset objects reloaded before import = 0
Number of asset objects unloaded after import = 2
